#
# There is insufficient memory for the Java Runtime Environment to continue.
# Native memory allocation (malloc) failed to allocate 865376 bytes for Chunk::new
# Possible reasons:
#   The system is out of physical RAM or swap space
#   The process is running with CompressedOops enabled, and the Java Heap may be blocking the growth of the native heap
# Possible solutions:
#   Reduce memory load on the system
#   Increase physical memory or swap space
#   Check if swap backing store is full
#   Decrease Java heap size (-Xmx/-Xms)
#   Decrease number of Java threads
#   Decrease Java thread stack sizes (-Xss)
#   Set larger code cache with -XX:ReservedCodeCacheSize=
#   JVM is running with Unscaled Compressed Oops mode in which the Java heap is
#     placed in the first 4GB address space. The Java Heap base address is the
#     maximum limit for the native heap growth. Please use -XX:HeapBaseMinAddress
#     to set the Java Heap base and to place the Java Heap above 4GB virtual address.
# This output file may be truncated or incomplete.
#
#  Out of Memory Error (./src/hotspot/share/memory/arena.cpp:197), pid=22128, tid=21432
#
# JRE version: OpenJDK Runtime Environment (11.0.12+7) (build 11.0.12+7-b1504.28-7817840)
# Java VM: OpenJDK 64-Bit Server VM (11.0.12+7-b1504.28-7817840, mixed mode, tiered, compressed oops, g1 gc, windows-amd64)
# No core dump will be written. Minidumps are not enabled by default on client versions of Windows
#

---------------  S U M M A R Y ------------

Command Line: --add-opens=java.base/java.util=ALL-UNNAMED --add-opens=java.base/java.lang=ALL-UNNAMED --add-opens=java.base/java.lang.invoke=ALL-UNNAMED --add-opens=java.base/java.util=ALL-UNNAMED --add-opens=java.prefs/java.util.prefs=ALL-UNNAMED --add-opens=java.prefs/java.util.prefs=ALL-UNNAMED --add-opens=java.base/java.nio.charset=ALL-UNNAMED --add-opens=java.base/java.net=ALL-UNNAMED --add-opens=java.base/java.util.concurrent.atomic=ALL-UNNAMED -Xmx2048m -Dfile.encoding=UTF-8 -Duser.country=GB -Duser.language=en -Duser.variant org.gradle.launcher.daemon.bootstrap.GradleDaemon 7.3.3

Host: Intel(R) Core(TM) i5-8265U CPU @ 1.60GHz, 8 cores, 7G,  Windows 10 , 64 bit Build 22621 (10.0.22621.436)
Time: Thu Jul 28 11:56:40 2022 E. Africa Standard Time elapsed time: 50.768216 seconds (0d 0h 0m 50s)

---------------  T H R E A D  ---------------

Current thread (0x000002962d7db000):  JavaThread "C2 CompilerThread0" daemon [_thread_in_native, id=21432, stack(0x000000ed91b00000,0x000000ed91c00000)]


Current CompileTask:
C2:  50768 5886       4       org.objectweb.asm.Frame::execute (2318 bytes)

Stack: [0x000000ed91b00000,0x000000ed91c00000]
Native frames: (J=compiled Java code, j=interpreted, Vv=VM code, C=native code)
V  [jvm.dll+0x5fbcea]
V  [jvm.dll+0x731905]
V  [jvm.dll+0x732f1d]
V  [jvm.dll+0x7335d3]
V  [jvm.dll+0x247bf8]
V  [jvm.dll+0xc018c]
V  [jvm.dll+0xc06cc]
V  [jvm.dll+0x2bcc04]
V  [jvm.dll+0x5113a8]
V  [jvm.dll+0x201c5a]
V  [jvm.dll+0x1ff71f]
V  [jvm.dll+0x18868c]
V  [jvm.dll+0x20e0d7]
V  [jvm.dll+0x20c901]
V  [jvm.dll+0x6f9b7f]
V  [jvm.dll+0x6f26a5]
V  [jvm.dll+0x5fabf6]
C  [ucrtbase.dll+0x29363]
C  [KERNEL32.DLL+0x1244d]
C  [ntdll.dll+0x5df78]


---------------  P R O C E S S  ---------------

Threads class SMR info:
_java_thread_list=0x00000296340b6c90, length=122, elements={
0x00000296129de800, 0x000002962ce62800, 0x000002962ce6c000, 0x000002962d7d4800,
0x000002962d7d5800, 0x000002962d7d6800, 0x000002962d7db000, 0x000002962d7de800,
0x000002962d7e2800, 0x000002962d976000, 0x000002962f967800, 0x000002962f968000,
0x000002962f96a800, 0x000002962f969000, 0x000002962f96b800, 0x000002962f96a000,
0x000002962f966800, 0x000002962f96c000, 0x000002962f96d000, 0x000002962e86c000,
0x000002962e86b000, 0x000002962e870000, 0x000002962e870800, 0x000002962e872800,
0x000002962e871800, 0x000002962e86c800, 0x000002962e873000, 0x000002962e86d800,
0x000002962e86e800, 0x000002962e874000, 0x000002962e875800, 0x000002962e877800,
0x000002962e879800, 0x0000029630630800, 0x0000029630631800, 0x000002963062c800,
0x000002963062d000, 0x000002963062f800, 0x000002963062b800, 0x0000029630632000,
0x0000029630633000, 0x0000029630633800, 0x000002963062e000, 0x0000029630634800,
0x000002963062f000, 0x0000029630635800, 0x000002963063a000, 0x0000029630637000,
0x0000029630636000, 0x0000029630638000, 0x0000029630638800, 0x0000029630639800,
0x0000029632381000, 0x0000029632385000, 0x0000029632386000, 0x0000029632381800,
0x0000029632382800, 0x0000029632380000, 0x0000029632383800, 0x0000029632384000,
0x0000029632386800, 0x000002963436a800, 0x000002963436c000, 0x000002963436d000,
0x0000029634369000, 0x0000029634367000, 0x000002963436d800, 0x0000029634369800,
0x0000029634368000, 0x0000029634370000, 0x000002963436b000, 0x0000029634371000,
0x0000029634373800, 0x000002963436e800, 0x0000029634372000, 0x0000029634372800,
0x0000029634374000, 0x0000029634375000, 0x000002963436f800, 0x0000029634376000,
0x000002963217c000, 0x0000029632178800, 0x000002963217b000, 0x0000029632177000,
0x000002963217a800, 0x0000029632176800, 0x000002963217d000, 0x0000029632179800,
0x000002963217d800, 0x0000029632178000, 0x0000029632181000, 0x000002963217f800,
0x0000029632181800, 0x0000029632182800, 0x0000029632183800, 0x0000029632184000,
0x0000029632180000, 0x000002963217e800, 0x0000029632185000, 0x00000296340a1800,
0x00000296340a0000, 0x00000296340a3000, 0x00000296340a2800, 0x000002963409d800,
0x000002963409e000, 0x00000296340a4800, 0x000002963409f000, 0x00000296340a5800,
0x00000296340a0800, 0x00000296340a6800, 0x00000296340a7000, 0x00000296340a8000,
0x00000296340a4000, 0x00000296340a9000, 0x00000296340a9800, 0x00000296340aa800,
0x00000296340ab000, 0x00000296340ac000, 0x0000029632373800, 0x0000029632376000,
0x0000029632374000, 0x0000029632372800
}

Java Threads: ( => current thread )
  0x00000296129de800 JavaThread "main" [_thread_blocked, id=2304, stack(0x000000ed90f00000,0x000000ed91000000)]
  0x000002962ce62800 JavaThread "Reference Handler" daemon [_thread_blocked, id=11980, stack(0x000000ed91600000,0x000000ed91700000)]
  0x000002962ce6c000 JavaThread "Finalizer" daemon [_thread_blocked, id=20744, stack(0x000000ed91700000,0x000000ed91800000)]
  0x000002962d7d4800 JavaThread "Signal Dispatcher" daemon [_thread_blocked, id=14712, stack(0x000000ed91800000,0x000000ed91900000)]
  0x000002962d7d5800 JavaThread "Attach Listener" daemon [_thread_blocked, id=21744, stack(0x000000ed91900000,0x000000ed91a00000)]
  0x000002962d7d6800 JavaThread "Service Thread" daemon [_thread_blocked, id=11832, stack(0x000000ed91a00000,0x000000ed91b00000)]
=>0x000002962d7db000 JavaThread "C2 CompilerThread0" daemon [_thread_in_native, id=21432, stack(0x000000ed91b00000,0x000000ed91c00000)]
  0x000002962d7de800 JavaThread "C1 CompilerThread0" daemon [_thread_blocked, id=8064, stack(0x000000ed91c00000,0x000000ed91d00000)]
  0x000002962d7e2800 JavaThread "Sweeper thread" daemon [_thread_blocked, id=16008, stack(0x000000ed91d00000,0x000000ed91e00000)]
  0x000002962d976000 JavaThread "Common-Cleaner" daemon [_thread_blocked, id=2196, stack(0x000000ed91e00000,0x000000ed91f00000)]
  0x000002962f967800 JavaThread "Daemon health stats" [_thread_blocked, id=25508, stack(0x000000ed92200000,0x000000ed92300000)]
  0x000002962f968000 JavaThread "Incoming local TCP Connector on port 50754" [_thread_in_native, id=18060, stack(0x000000ed92300000,0x000000ed92400000)]
  0x000002962f96a800 JavaThread "Daemon periodic checks" [_thread_blocked, id=3416, stack(0x000000ed92400000,0x000000ed92500000)]
  0x000002962f969000 JavaThread "Daemon" [_thread_blocked, id=264, stack(0x000000ed92500000,0x000000ed92600000)]
  0x000002962f96b800 JavaThread "Handler for socket connection from /127.0.0.1:50754 to /127.0.0.1:50759" [_thread_in_native, id=8164, stack(0x000000ed92600000,0x000000ed92700000)]
  0x000002962f96a000 JavaThread "Cancel handler" [_thread_blocked, id=21508, stack(0x000000ed92700000,0x000000ed92800000)]
  0x000002962f966800 JavaThread "Daemon worker" [_thread_in_vm, id=21552, stack(0x000000ed92800000,0x000000ed92900000)]
  0x000002962f96c000 JavaThread "Asynchronous log dispatcher for DefaultDaemonConnection: socket connection from /127.0.0.1:50754 to /127.0.0.1:50759" [_thread_blocked, id=8344, stack(0x000000ed92900000,0x000000ed92a00000)]
  0x000002962f96d000 JavaThread "Stdin handler" [_thread_blocked, id=17780, stack(0x000000ed92a00000,0x000000ed92b00000)]
  0x000002962e86c000 JavaThread "Daemon client event forwarder" [_thread_blocked, id=21884, stack(0x000000ed92b00000,0x000000ed92c00000)]
  0x000002962e86b000 JavaThread "Cache worker for journal cache (C:\Users\kelvi\.gradle\caches\journal-1)" [_thread_blocked, id=19860, stack(0x000000ed93100000,0x000000ed93200000)]
  0x000002962e870000 JavaThread "File lock request listener" [_thread_in_native, id=22100, stack(0x000000ed93200000,0x000000ed93300000)]
  0x000002962e870800 JavaThread "Cache worker for file hash cache (C:\Users\kelvi\.gradle\caches\7.3.3\fileHashes)" [_thread_blocked, id=24636, stack(0x000000ed93300000,0x000000ed93400000)]
  0x000002962e872800 JavaThread "Cache worker for file hash cache (C:\Users\kelvi\AndroidStudioProjects\Kotlin\Mobile\Projects\CRM\.gradle\7.3.3\fileHashes)" [_thread_blocked, id=8740, stack(0x000000ed93500000,0x000000ed93600000)]
  0x000002962e871800 JavaThread "File watcher server" daemon [_thread_in_native, id=25232, stack(0x000000ed93600000,0x000000ed93700000)]
  0x000002962e86c800 JavaThread "File watcher consumer" daemon [_thread_blocked, id=17264, stack(0x000000ed93700000,0x000000ed93800000)]
  0x000002962e873000 JavaThread "Cache worker for checksums cache (C:\Users\kelvi\AndroidStudioProjects\Kotlin\Mobile\Projects\CRM\.gradle\7.3.3\checksums)" [_thread_blocked, id=16136, stack(0x000000ed93800000,0x000000ed93900000)]
  0x000002962e86d800 JavaThread "Cache worker for cache directory md-supplier (C:\Users\kelvi\.gradle\caches\7.3.3\md-supplier)" [_thread_blocked, id=24796, stack(0x000000ed93900000,0x000000ed93a00000)]
  0x000002962e86e800 JavaThread "Cache worker for cache directory md-rule (C:\Users\kelvi\.gradle\caches\7.3.3\md-rule)" [_thread_blocked, id=14984, stack(0x000000ed93a00000,0x000000ed93b00000)]
  0x000002962e874000 JavaThread "Cache worker for execution history cache (C:\Users\kelvi\.gradle\caches\7.3.3\executionHistory)" [_thread_blocked, id=20596, stack(0x000000ed93b00000,0x000000ed93c00000)]
  0x000002962e875800 JavaThread "jar transforms" [_thread_blocked, id=11156, stack(0x000000ed93c00000,0x000000ed93d00000)]
  0x000002962e877800 JavaThread "Cache worker for file content cache (C:\Users\kelvi\.gradle\caches\7.3.3\fileContent)" [_thread_blocked, id=15400, stack(0x000000ed93d00000,0x000000ed93e00000)]
  0x000002962e879800 JavaThread "jar transforms Thread 2" [_thread_blocked, id=17884, stack(0x000000ed94000000,0x000000ed94100000)]
  0x0000029630630800 JavaThread "Cache worker for dependencies-accessors (C:\Users\kelvi\AndroidStudioProjects\Kotlin\Mobile\Projects\CRM\.gradle\7.3.3\dependencies-accessors)" [_thread_blocked, id=20120, stack(0x000000ed94100000,0x000000ed94200000)]
  0x0000029630631800 JavaThread "jar transforms Thread 3" [_thread_blocked, id=24100, stack(0x000000ed94200000,0x000000ed94300000)]
  0x000002963062c800 JavaThread "Cache worker for Build Output Cleanup Cache (C:\Users\kelvi\AndroidStudioProjects\Kotlin\Mobile\Projects\CRM\.gradle\buildOutputCleanup)" [_thread_blocked, id=9776, stack(0x000000ed94300000,0x000000ed94400000)]
  0x000002963062d000 JavaThread "Unconstrained build operations" [_thread_blocked, id=25584, stack(0x000000ed94400000,0x000000ed94500000)]
  0x000002963062f800 JavaThread "Unconstrained build operations Thread 2" [_thread_blocked, id=22356, stack(0x000000ed94500000,0x000000ed94600000)]
  0x000002963062b800 JavaThread "Unconstrained build operations Thread 3" [_thread_blocked, id=6592, stack(0x000000ed94600000,0x000000ed94700000)]
  0x0000029630632000 JavaThread "Unconstrained build operations Thread 4" [_thread_blocked, id=20124, stack(0x000000ed94700000,0x000000ed94800000)]
  0x0000029630633000 JavaThread "Unconstrained build operations Thread 5" [_thread_blocked, id=10056, stack(0x000000ed94800000,0x000000ed94900000)]
  0x0000029630633800 JavaThread "Unconstrained build operations Thread 6" [_thread_blocked, id=23068, stack(0x000000ed94900000,0x000000ed94a00000)]
  0x000002963062e000 JavaThread "Unconstrained build operations Thread 7" [_thread_blocked, id=25016, stack(0x000000ed94a00000,0x000000ed94b00000)]
  0x0000029630634800 JavaThread "Unconstrained build operations Thread 8" [_thread_blocked, id=21784, stack(0x000000ed94b00000,0x000000ed94c00000)]
  0x000002963062f000 JavaThread "Unconstrained build operations Thread 9" [_thread_blocked, id=25052, stack(0x000000ed94c00000,0x000000ed94d00000)]
  0x0000029630635800 JavaThread "Unconstrained build operations Thread 10" [_thread_blocked, id=23360, stack(0x000000ed94d00000,0x000000ed94e00000)]
  0x000002963063a000 JavaThread "Unconstrained build operations Thread 11" [_thread_blocked, id=24336, stack(0x000000ed94e00000,0x000000ed94f00000)]
  0x0000029630637000 JavaThread "Unconstrained build operations Thread 12" [_thread_blocked, id=1520, stack(0x000000ed94f00000,0x000000ed95000000)]
  0x0000029630636000 JavaThread "Unconstrained build operations Thread 13" [_thread_blocked, id=19124, stack(0x000000ed95000000,0x000000ed95100000)]
  0x0000029630638000 JavaThread "Unconstrained build operations Thread 14" [_thread_blocked, id=24908, stack(0x000000ed95100000,0x000000ed95200000)]
  0x0000029630638800 JavaThread "Unconstrained build operations Thread 15" [_thread_blocked, id=19096, stack(0x000000ed95200000,0x000000ed95300000)]
  0x0000029630639800 JavaThread "Unconstrained build operations Thread 16" [_thread_blocked, id=3656, stack(0x000000ed95300000,0x000000ed95400000)]
  0x0000029632381000 JavaThread "Unconstrained build operations Thread 17" [_thread_blocked, id=24328, stack(0x000000ed95400000,0x000000ed95500000)]
  0x0000029632385000 JavaThread "Unconstrained build operations Thread 18" [_thread_blocked, id=17696, stack(0x000000ed95500000,0x000000ed95600000)]
  0x0000029632386000 JavaThread "Unconstrained build operations Thread 19" [_thread_blocked, id=3028, stack(0x000000ed95600000,0x000000ed95700000)]
  0x0000029632381800 JavaThread "Unconstrained build operations Thread 20" [_thread_blocked, id=17580, stack(0x000000ed95700000,0x000000ed95800000)]
  0x0000029632382800 JavaThread "Unconstrained build operations Thread 21" [_thread_blocked, id=18476, stack(0x000000ed95800000,0x000000ed95900000)]
  0x0000029632380000 JavaThread "Unconstrained build operations Thread 22" [_thread_blocked, id=16096, stack(0x000000ed95900000,0x000000ed95a00000)]
  0x0000029632383800 JavaThread "Unconstrained build operations Thread 23" [_thread_blocked, id=9348, stack(0x000000ed95a00000,0x000000ed95b00000)]
  0x0000029632384000 JavaThread "Unconstrained build operations Thread 24" [_thread_blocked, id=20680, stack(0x000000ed95b00000,0x000000ed95c00000)]
  0x0000029632386800 JavaThread "Unconstrained build operations Thread 25" [_thread_blocked, id=20728, stack(0x000000ed95c00000,0x000000ed95d00000)]
  0x000002963436a800 JavaThread "Unconstrained build operations Thread 26" [_thread_blocked, id=23432, stack(0x000000ed95d00000,0x000000ed95e00000)]
  0x000002963436c000 JavaThread "Unconstrained build operations Thread 27" [_thread_blocked, id=19592, stack(0x000000ed95e00000,0x000000ed95f00000)]
  0x000002963436d000 JavaThread "Unconstrained build operations Thread 28" [_thread_blocked, id=13064, stack(0x000000ed95f00000,0x000000ed96000000)]
  0x0000029634369000 JavaThread "Unconstrained build operations Thread 29" [_thread_blocked, id=2468, stack(0x000000ed96000000,0x000000ed96100000)]
  0x0000029634367000 JavaThread "Unconstrained build operations Thread 30" [_thread_blocked, id=18980, stack(0x000000ed96100000,0x000000ed96200000)]
  0x000002963436d800 JavaThread "Unconstrained build operations Thread 31" [_thread_blocked, id=18456, stack(0x000000ed96200000,0x000000ed96300000)]
  0x0000029634369800 JavaThread "Unconstrained build operations Thread 32" [_thread_blocked, id=16192, stack(0x000000ed96300000,0x000000ed96400000)]
  0x0000029634368000 JavaThread "Unconstrained build operations Thread 33" [_thread_blocked, id=24612, stack(0x000000ed96400000,0x000000ed96500000)]
  0x0000029634370000 JavaThread "Unconstrained build operations Thread 34" [_thread_blocked, id=21780, stack(0x000000ed96500000,0x000000ed96600000)]
  0x000002963436b000 JavaThread "Unconstrained build operations Thread 35" [_thread_blocked, id=5364, stack(0x000000ed96600000,0x000000ed96700000)]
  0x0000029634371000 JavaThread "Unconstrained build operations Thread 36" [_thread_blocked, id=22852, stack(0x000000ed96700000,0x000000ed96800000)]
  0x0000029634373800 JavaThread "Unconstrained build operations Thread 37" [_thread_blocked, id=25456, stack(0x000000ed96800000,0x000000ed96900000)]
  0x000002963436e800 JavaThread "Unconstrained build operations Thread 38" [_thread_blocked, id=25340, stack(0x000000ed96900000,0x000000ed96a00000)]
  0x0000029634372000 JavaThread "Unconstrained build operations Thread 39" [_thread_blocked, id=24000, stack(0x000000ed96a00000,0x000000ed96b00000)]
  0x0000029634372800 JavaThread "Unconstrained build operations Thread 40" [_thread_blocked, id=19736, stack(0x000000ed96b00000,0x000000ed96c00000)]
  0x0000029634374000 JavaThread "Unconstrained build operations Thread 41" [_thread_blocked, id=2300, stack(0x000000ed96c00000,0x000000ed96d00000)]
  0x0000029634375000 JavaThread "Unconstrained build operations Thread 42" [_thread_blocked, id=7740, stack(0x000000ed96d00000,0x000000ed96e00000)]
  0x000002963436f800 JavaThread "Unconstrained build operations Thread 43" [_thread_blocked, id=21768, stack(0x000000ed96e00000,0x000000ed96f00000)]
  0x0000029634376000 JavaThread "Unconstrained build operations Thread 44" [_thread_blocked, id=24528, stack(0x000000ed96f00000,0x000000ed97000000)]
  0x000002963217c000 JavaThread "Unconstrained build operations Thread 45" [_thread_blocked, id=12752, stack(0x000000ed97000000,0x000000ed97100000)]
  0x0000029632178800 JavaThread "Unconstrained build operations Thread 46" [_thread_blocked, id=14724, stack(0x000000ed97100000,0x000000ed97200000)]
  0x000002963217b000 JavaThread "Unconstrained build operations Thread 47" [_thread_blocked, id=20716, stack(0x000000ed97200000,0x000000ed97300000)]
  0x0000029632177000 JavaThread "Unconstrained build operations Thread 48" [_thread_blocked, id=17520, stack(0x000000ed97300000,0x000000ed97400000)]
  0x000002963217a800 JavaThread "Unconstrained build operations Thread 49" [_thread_blocked, id=11116, stack(0x000000ed97400000,0x000000ed97500000)]
  0x0000029632176800 JavaThread "Unconstrained build operations Thread 50" [_thread_blocked, id=11672, stack(0x000000ed97500000,0x000000ed97600000)]
  0x000002963217d000 JavaThread "Unconstrained build operations Thread 51" [_thread_blocked, id=15208, stack(0x000000ed97600000,0x000000ed97700000)]
  0x0000029632179800 JavaThread "Unconstrained build operations Thread 52" [_thread_blocked, id=18732, stack(0x000000ed97700000,0x000000ed97800000)]
  0x000002963217d800 JavaThread "Unconstrained build operations Thread 53" [_thread_blocked, id=10920, stack(0x000000ed97800000,0x000000ed97900000)]
  0x0000029632178000 JavaThread "Unconstrained build operations Thread 54" [_thread_blocked, id=23324, stack(0x000000ed97900000,0x000000ed97a00000)]
  0x0000029632181000 JavaThread "Unconstrained build operations Thread 55" [_thread_blocked, id=7920, stack(0x000000ed97a00000,0x000000ed97b00000)]
  0x000002963217f800 JavaThread "Unconstrained build operations Thread 56" [_thread_blocked, id=21272, stack(0x000000ed97b00000,0x000000ed97c00000)]
  0x0000029632181800 JavaThread "Unconstrained build operations Thread 57" [_thread_blocked, id=15644, stack(0x000000ed97c00000,0x000000ed97d00000)]
  0x0000029632182800 JavaThread "Unconstrained build operations Thread 58" [_thread_blocked, id=18664, stack(0x000000ed97d00000,0x000000ed97e00000)]
  0x0000029632183800 JavaThread "Unconstrained build operations Thread 59" [_thread_blocked, id=11740, stack(0x000000ed97e00000,0x000000ed97f00000)]
  0x0000029632184000 JavaThread "Unconstrained build operations Thread 60" [_thread_blocked, id=1656, stack(0x000000ed97f00000,0x000000ed98000000)]
  0x0000029632180000 JavaThread "Unconstrained build operations Thread 61" [_thread_blocked, id=20908, stack(0x000000ed98000000,0x000000ed98100000)]
  0x000002963217e800 JavaThread "Unconstrained build operations Thread 62" [_thread_blocked, id=3164, stack(0x000000ed98100000,0x000000ed98200000)]
  0x0000029632185000 JavaThread "Unconstrained build operations Thread 63" [_thread_blocked, id=16124, stack(0x000000ed98200000,0x000000ed98300000)]
  0x00000296340a1800 JavaThread "Unconstrained build operations Thread 64" [_thread_blocked, id=5780, stack(0x000000ed98300000,0x000000ed98400000)]
  0x00000296340a0000 JavaThread "Unconstrained build operations Thread 65" [_thread_blocked, id=15412, stack(0x000000ed98400000,0x000000ed98500000)]
  0x00000296340a3000 JavaThread "Unconstrained build operations Thread 66" [_thread_blocked, id=25552, stack(0x000000ed98500000,0x000000ed98600000)]
  0x00000296340a2800 JavaThread "Unconstrained build operations Thread 67" [_thread_blocked, id=15344, stack(0x000000ed98600000,0x000000ed98700000)]
  0x000002963409d800 JavaThread "Unconstrained build operations Thread 68" [_thread_blocked, id=16980, stack(0x000000ed98700000,0x000000ed98800000)]
  0x000002963409e000 JavaThread "Unconstrained build operations Thread 69" [_thread_blocked, id=17944, stack(0x000000ed98800000,0x000000ed98900000)]
  0x00000296340a4800 JavaThread "Unconstrained build operations Thread 70" [_thread_blocked, id=17852, stack(0x000000ed98900000,0x000000ed98a00000)]
  0x000002963409f000 JavaThread "Unconstrained build operations Thread 71" [_thread_blocked, id=2024, stack(0x000000ed98a00000,0x000000ed98b00000)]
  0x00000296340a5800 JavaThread "Unconstrained build operations Thread 72" [_thread_blocked, id=11984, stack(0x000000ed98b00000,0x000000ed98c00000)]
  0x00000296340a0800 JavaThread "Unconstrained build operations Thread 73" [_thread_blocked, id=17368, stack(0x000000ed98c00000,0x000000ed98d00000)]
  0x00000296340a6800 JavaThread "Unconstrained build operations Thread 74" [_thread_blocked, id=4308, stack(0x000000ed98d00000,0x000000ed98e00000)]
  0x00000296340a7000 JavaThread "Unconstrained build operations Thread 75" [_thread_blocked, id=21372, stack(0x000000ed98e00000,0x000000ed98f00000)]
  0x00000296340a8000 JavaThread "Unconstrained build operations Thread 76" [_thread_blocked, id=15676, stack(0x000000ed98f00000,0x000000ed99000000)]
  0x00000296340a4000 JavaThread "Unconstrained build operations Thread 77" [_thread_blocked, id=21788, stack(0x000000ed99000000,0x000000ed99100000)]
  0x00000296340a9000 JavaThread "Unconstrained build operations Thread 78" [_thread_blocked, id=16120, stack(0x000000ed99100000,0x000000ed99200000)]
  0x00000296340a9800 JavaThread "Unconstrained build operations Thread 79" [_thread_blocked, id=13296, stack(0x000000ed99200000,0x000000ed99300000)]
  0x00000296340aa800 JavaThread "Unconstrained build operations Thread 80" [_thread_blocked, id=19772, stack(0x000000ed99300000,0x000000ed99400000)]
  0x00000296340ab000 JavaThread "jar transforms Thread 4" [_thread_blocked, id=19864, stack(0x000000ed99400000,0x000000ed99500000)]
  0x00000296340ac000 JavaThread "jar transforms Thread 5" [_thread_blocked, id=22052, stack(0x000000ed99500000,0x000000ed99600000)]
  0x0000029632373800 JavaThread "jar transforms Thread 6" [_thread_blocked, id=16188, stack(0x000000ed99600000,0x000000ed99700000)]
  0x0000029632376000 JavaThread "jar transforms Thread 7" [_thread_blocked, id=6580, stack(0x000000ed99700000,0x000000ed99800000)]
  0x0000029632374000 JavaThread "jar transforms Thread 8" [_thread_blocked, id=25460, stack(0x000000ed99800000,0x000000ed99900000)]
  0x0000029632372800 JavaThread "C2 CompilerThread1" daemon [_thread_blocked, id=8308, stack(0x000000ed99900000,0x000000ed99a00000)]

Other Threads:
  0x000002962ce60000 VMThread "VM Thread" [stack: 0x000000ed91500000,0x000000ed91600000] [id=17964]
  0x000002962d997800 WatcherThread [stack: 0x000000ed91f00000,0x000000ed92000000] [id=22508]
  0x00000296129f8000 GCTaskThread "GC Thread#0" [stack: 0x000000ed91000000,0x000000ed91100000] [id=15124]
  0x000002962e32f000 GCTaskThread "GC Thread#1" [stack: 0x000000ed92000000,0x000000ed92100000] [id=13608]
  0x000002962e32e000 GCTaskThread "GC Thread#2" [stack: 0x000000ed92100000,0x000000ed92200000] [id=20032]
  0x000002962e32c800 GCTaskThread "GC Thread#3" [stack: 0x000000ed92c00000,0x000000ed92d00000] [id=20984]
  0x000002962e334000 GCTaskThread "GC Thread#4" [stack: 0x000000ed92d00000,0x000000ed92e00000] [id=11452]
  0x000002962e32d800 GCTaskThread "GC Thread#5" [stack: 0x000000ed92e00000,0x000000ed92f00000] [id=24048]
  0x000002962e32f800 GCTaskThread "GC Thread#6" [stack: 0x000000ed92f00000,0x000000ed93000000] [id=17180]
  0x000002962e332800 GCTaskThread "GC Thread#7" [stack: 0x000000ed93000000,0x000000ed93100000] [id=13832]
  0x0000029612a2b000 ConcurrentGCThread "G1 Main Marker" [stack: 0x000000ed91100000,0x000000ed91200000] [id=6376]
  0x0000029612a2d000 ConcurrentGCThread "G1 Conc#0" [stack: 0x000000ed91200000,0x000000ed91300000] [id=15944]
  0x000002962e333000 ConcurrentGCThread "G1 Conc#1" [stack: 0x000000ed93400000,0x000000ed93500000] [id=16416]
  0x0000029612aac800 ConcurrentGCThread "G1 Refine#0" [stack: 0x000000ed91300000,0x000000ed91400000] [id=15756]
  0x000002962ccb2800 ConcurrentGCThread "G1 Young RemSet Sampling" [stack: 0x000000ed91400000,0x000000ed91500000] [id=14752]

Threads with active compile tasks:
C2 CompilerThread0  50882 5886       4       org.objectweb.asm.Frame::execute (2318 bytes)

VM state:not at safepoint (normal execution)

VM Mutex/Monitor currently owned by a thread: None

Heap address: 0x0000000080000000, size: 2048 MB, Compressed Oops mode: 32-bit
Narrow klass base: 0x0000000000000000, Narrow klass shift: 3
Compressed class space size: 1073741824 Address: 0x0000000100000000

Heap:
 garbage-first heap   total 129024K, used 64683K [0x0000000080000000, 0x0000000100000000)
  region size 1024K, 13 young (13312K), 3 survivors (3072K)
 Metaspace       used 55695K, capacity 57272K, committed 57344K, reserved 1099776K
  class space    used 7107K, capacity 7679K, committed 7680K, reserved 1048576K
Heap Regions: E=young(eden), S=young(survivor), O=old, HS=humongous(starts), HC=humongous(continues), CS=collection set, F=free, A=archive, TAMS=top-at-mark-start (previous, next)
|   0|0x0000000080000000, 0x0000000080100000, 0x0000000080100000|100%| O|  |TAMS 0x0000000080100000, 0x0000000080000000| Untracked 
|   1|0x0000000080100000, 0x0000000080200000, 0x0000000080200000|100%| O|  |TAMS 0x0000000080200000, 0x0000000080100000| Untracked 
|   2|0x0000000080200000, 0x0000000080300000, 0x0000000080300000|100%| O|  |TAMS 0x0000000080300000, 0x0000000080200000| Untracked 
|   3|0x0000000080300000, 0x0000000080400000, 0x0000000080400000|100%|HS|  |TAMS 0x0000000080400000, 0x0000000080300000| Complete 
|   4|0x0000000080400000, 0x0000000080500000, 0x0000000080500000|100%|HC|  |TAMS 0x0000000080500000, 0x0000000080400000| Complete 
|   5|0x0000000080500000, 0x0000000080600000, 0x0000000080600000|100%|HC|  |TAMS 0x0000000080600000, 0x0000000080500000| Complete 
|   6|0x0000000080600000, 0x0000000080700000, 0x0000000080700000|100%| O|  |TAMS 0x0000000080700000, 0x0000000080600000| Untracked 
|   7|0x0000000080700000, 0x0000000080800000, 0x0000000080800000|100%| O|  |TAMS 0x0000000080800000, 0x0000000080700000| Untracked 
|   8|0x0000000080800000, 0x0000000080900000, 0x0000000080900000|100%| O|  |TAMS 0x0000000080900000, 0x0000000080800000| Untracked 
|   9|0x0000000080900000, 0x0000000080a00000, 0x0000000080a00000|100%| O|  |TAMS 0x0000000080a00000, 0x0000000080900000| Untracked 
|  10|0x0000000080a00000, 0x0000000080b00000, 0x0000000080b00000|100%| O|  |TAMS 0x0000000080b00000, 0x0000000080a00000| Untracked 
|  11|0x0000000080b00000, 0x0000000080c00000, 0x0000000080c00000|100%| O|  |TAMS 0x0000000080c00000, 0x0000000080b00000| Untracked 
|  12|0x0000000080c00000, 0x0000000080d00000, 0x0000000080d00000|100%| O|  |TAMS 0x0000000080d00000, 0x0000000080c00000| Untracked 
|  13|0x0000000080d00000, 0x0000000080e00000, 0x0000000080e00000|100%| O|  |TAMS 0x0000000080e00000, 0x0000000080d00000| Untracked 
|  14|0x0000000080e00000, 0x0000000080f00000, 0x0000000080f00000|100%| O|  |TAMS 0x0000000080f00000, 0x0000000080e00000| Untracked 
|  15|0x0000000080f00000, 0x0000000081000000, 0x0000000081000000|100%| O|  |TAMS 0x0000000081000000, 0x0000000080f00000| Untracked 
|  16|0x0000000081000000, 0x0000000081100000, 0x0000000081100000|100%| O|  |TAMS 0x0000000081093c00, 0x0000000081000000| Untracked 
|  17|0x0000000081100000, 0x0000000081200000, 0x0000000081200000|100%| O|  |TAMS 0x0000000081100000, 0x0000000081100000| Untracked 
|  18|0x0000000081200000, 0x0000000081300000, 0x0000000081300000|100%| O|  |TAMS 0x0000000081200000, 0x0000000081200000| Untracked 
|  19|0x0000000081300000, 0x0000000081400000, 0x0000000081400000|100%| O|  |TAMS 0x0000000081300000, 0x0000000081300000| Untracked 
|  20|0x0000000081400000, 0x0000000081500000, 0x0000000081500000|100%| O|  |TAMS 0x0000000081400000, 0x0000000081400000| Untracked 
|  21|0x0000000081500000, 0x0000000081600000, 0x0000000081600000|100%| O|  |TAMS 0x0000000081500000, 0x0000000081500000| Untracked 
|  22|0x0000000081600000, 0x0000000081700000, 0x0000000081700000|100%| O|  |TAMS 0x0000000081600000, 0x0000000081600000| Untracked 
|  23|0x0000000081700000, 0x0000000081800000, 0x0000000081800000|100%| O|  |TAMS 0x0000000081700000, 0x0000000081700000| Untracked 
|  24|0x0000000081800000, 0x0000000081900000, 0x0000000081900000|100%| O|  |TAMS 0x0000000081800000, 0x0000000081800000| Untracked 
|  25|0x0000000081900000, 0x0000000081a00000, 0x0000000081a00000|100%| O|  |TAMS 0x0000000081900000, 0x0000000081900000| Untracked 
|  26|0x0000000081a00000, 0x0000000081b00000, 0x0000000081b00000|100%| O|  |TAMS 0x0000000081a00000, 0x0000000081a00000| Untracked 
|  27|0x0000000081b00000, 0x0000000081c00000, 0x0000000081c00000|100%|HS|  |TAMS 0x0000000081b00000, 0x0000000081b00000| Complete 
|  28|0x0000000081c00000, 0x0000000081d00000, 0x0000000081d00000|100%|HS|  |TAMS 0x0000000081c00000, 0x0000000081c00000| Complete 
|  29|0x0000000081d00000, 0x0000000081e00000, 0x0000000081e00000|100%|HS|  |TAMS 0x0000000081d00000, 0x0000000081d00000| Complete 
|  30|0x0000000081e00000, 0x0000000081f00000, 0x0000000081f00000|100%|HS|  |TAMS 0x0000000081e00000, 0x0000000081e00000| Complete 
|  31|0x0000000081f00000, 0x0000000082000000, 0x0000000082000000|100%|HC|  |TAMS 0x0000000081f00000, 0x0000000081f00000| Complete 
|  32|0x0000000082000000, 0x0000000082100000, 0x0000000082100000|100%|HC|  |TAMS 0x0000000082000000, 0x0000000082000000| Complete 
|  33|0x0000000082100000, 0x0000000082200000, 0x0000000082200000|100%|HS|  |TAMS 0x0000000082100000, 0x0000000082100000| Complete 
|  34|0x0000000082200000, 0x0000000082300000, 0x0000000082300000|100%|HC|  |TAMS 0x0000000082200000, 0x0000000082200000| Complete 
|  35|0x0000000082300000, 0x0000000082400000, 0x0000000082400000|100%| O|  |TAMS 0x0000000082300000, 0x0000000082300000| Untracked 
|  36|0x0000000082400000, 0x0000000082500000, 0x0000000082500000|100%| O|  |TAMS 0x0000000082400000, 0x0000000082400000| Untracked 
|  37|0x0000000082500000, 0x0000000082600000, 0x0000000082600000|100%| O|  |TAMS 0x0000000082500000, 0x0000000082500000| Untracked 
|  38|0x0000000082600000, 0x0000000082700000, 0x0000000082700000|100%| O|  |TAMS 0x0000000082600000, 0x0000000082600000| Untracked 
|  39|0x0000000082700000, 0x0000000082800000, 0x0000000082800000|100%| O|  |TAMS 0x0000000082700000, 0x0000000082700000| Untracked 
|  40|0x0000000082800000, 0x0000000082900000, 0x0000000082900000|100%| O|  |TAMS 0x0000000082800000, 0x0000000082800000| Untracked 
|  41|0x0000000082900000, 0x0000000082a00000, 0x0000000082a00000|100%| O|  |TAMS 0x0000000082900000, 0x0000000082900000| Untracked 
|  42|0x0000000082a00000, 0x0000000082b00000, 0x0000000082b00000|100%| O|  |TAMS 0x0000000082a00000, 0x0000000082a00000| Untracked 
|  43|0x0000000082b00000, 0x0000000082c00000, 0x0000000082c00000|100%| O|  |TAMS 0x0000000082b00000, 0x0000000082b00000| Untracked 
|  44|0x0000000082c00000, 0x0000000082d00000, 0x0000000082d00000|100%| O|  |TAMS 0x0000000082c00000, 0x0000000082c00000| Untracked 
|  45|0x0000000082d00000, 0x0000000082e00000, 0x0000000082e00000|100%| O|  |TAMS 0x0000000082d00000, 0x0000000082d00000| Untracked 
|  46|0x0000000082e00000, 0x0000000082f00000, 0x0000000082f00000|100%| O|  |TAMS 0x0000000082e00000, 0x0000000082e00000| Untracked 
|  47|0x0000000082f00000, 0x0000000083000000, 0x0000000083000000|100%| O|  |TAMS 0x0000000082f00000, 0x0000000082f00000| Untracked 
|  48|0x0000000083000000, 0x0000000083100000, 0x0000000083100000|100%| O|  |TAMS 0x0000000083000000, 0x0000000083000000| Untracked 
|  49|0x0000000083100000, 0x0000000083200000, 0x0000000083200000|100%| O|  |TAMS 0x0000000083100000, 0x0000000083100000| Untracked 
|  50|0x0000000083200000, 0x0000000083300000, 0x0000000083300000|100%| O|  |TAMS 0x0000000083200000, 0x0000000083200000| Untracked 
|  51|0x0000000083300000, 0x0000000083381400, 0x0000000083400000| 50%| O|  |TAMS 0x0000000083300000, 0x0000000083300000| Untracked 
|  52|0x0000000083400000, 0x0000000083400000, 0x0000000083500000|  0%| F|  |TAMS 0x0000000083400000, 0x0000000083400000| Untracked 
|  53|0x0000000083500000, 0x0000000083500000, 0x0000000083600000|  0%| F|  |TAMS 0x0000000083500000, 0x0000000083500000| Untracked 
|  54|0x0000000083600000, 0x0000000083600000, 0x0000000083700000|  0%| F|  |TAMS 0x0000000083600000, 0x0000000083600000| Untracked 
|  55|0x0000000083700000, 0x0000000083700000, 0x0000000083800000|  0%| F|  |TAMS 0x0000000083700000, 0x0000000083700000| Untracked 
|  56|0x0000000083800000, 0x0000000083800000, 0x0000000083900000|  0%| F|  |TAMS 0x0000000083800000, 0x0000000083800000| Untracked 
|  57|0x0000000083900000, 0x0000000083900000, 0x0000000083a00000|  0%| F|  |TAMS 0x0000000083900000, 0x0000000083900000| Untracked 
|  58|0x0000000083a00000, 0x0000000083a00000, 0x0000000083b00000|  0%| F|  |TAMS 0x0000000083a00000, 0x0000000083a00000| Untracked 
|  59|0x0000000083b00000, 0x0000000083b00000, 0x0000000083c00000|  0%| F|  |TAMS 0x0000000083b00000, 0x0000000083b00000| Untracked 
|  60|0x0000000083c00000, 0x0000000083c00000, 0x0000000083d00000|  0%| F|  |TAMS 0x0000000083c00000, 0x0000000083c00000| Untracked 
|  61|0x0000000083d00000, 0x0000000083d00000, 0x0000000083e00000|  0%| F|  |TAMS 0x0000000083d00000, 0x0000000083d00000| Untracked 
|  62|0x0000000083e00000, 0x0000000083e00000, 0x0000000083f00000|  0%| F|  |TAMS 0x0000000083e00000, 0x0000000083e00000| Untracked 
|  63|0x0000000083f00000, 0x0000000083f00000, 0x0000000084000000|  0%| F|  |TAMS 0x0000000083f00000, 0x0000000083f00000| Untracked 
|  64|0x0000000084000000, 0x0000000084000000, 0x0000000084100000|  0%| F|  |TAMS 0x0000000084000000, 0x0000000084000000| Untracked 
|  65|0x0000000084100000, 0x0000000084100000, 0x0000000084200000|  0%| F|  |TAMS 0x0000000084100000, 0x0000000084100000| Untracked 
|  66|0x0000000084200000, 0x0000000084200000, 0x0000000084300000|  0%| F|  |TAMS 0x0000000084200000, 0x0000000084200000| Untracked 
|  67|0x0000000084300000, 0x0000000084300000, 0x0000000084400000|  0%| F|  |TAMS 0x0000000084300000, 0x0000000084300000| Untracked 
|  68|0x0000000084400000, 0x0000000084400000, 0x0000000084500000|  0%| F|  |TAMS 0x0000000084400000, 0x0000000084400000| Untracked 
|  69|0x0000000084500000, 0x0000000084500000, 0x0000000084600000|  0%| F|  |TAMS 0x0000000084500000, 0x0000000084500000| Untracked 
|  70|0x0000000084600000, 0x0000000084600000, 0x0000000084700000|  0%| F|  |TAMS 0x0000000084600000, 0x0000000084600000| Untracked 
|  71|0x0000000084700000, 0x0000000084700000, 0x0000000084800000|  0%| F|  |TAMS 0x0000000084700000, 0x0000000084700000| Untracked 
|  72|0x0000000084800000, 0x0000000084800000, 0x0000000084900000|  0%| F|  |TAMS 0x0000000084800000, 0x0000000084800000| Untracked 
|  73|0x0000000084900000, 0x0000000084900000, 0x0000000084a00000|  0%| F|  |TAMS 0x0000000084900000, 0x0000000084900000| Untracked 
|  74|0x0000000084a00000, 0x0000000084a00000, 0x0000000084b00000|  0%| F|  |TAMS 0x0000000084a00000, 0x0000000084a00000| Untracked 
|  75|0x0000000084b00000, 0x0000000084b00000, 0x0000000084c00000|  0%| F|  |TAMS 0x0000000084b00000, 0x0000000084b00000| Untracked 
|  76|0x0000000084c00000, 0x0000000084c00000, 0x0000000084d00000|  0%| F|  |TAMS 0x0000000084c00000, 0x0000000084c00000| Untracked 
|  77|0x0000000084d00000, 0x0000000084d00000, 0x0000000084e00000|  0%| F|  |TAMS 0x0000000084d00000, 0x0000000084d00000| Untracked 
|  78|0x0000000084e00000, 0x0000000084e00000, 0x0000000084f00000|  0%| F|  |TAMS 0x0000000084e00000, 0x0000000084e00000| Untracked 
|  79|0x0000000084f00000, 0x0000000084f00000, 0x0000000085000000|  0%| F|  |TAMS 0x0000000084f00000, 0x0000000084f00000| Untracked 
|  80|0x0000000085000000, 0x0000000085000000, 0x0000000085100000|  0%| F|  |TAMS 0x0000000085000000, 0x0000000085000000| Untracked 
|  81|0x0000000085100000, 0x0000000085100000, 0x0000000085200000|  0%| F|  |TAMS 0x0000000085100000, 0x0000000085100000| Untracked 
|  82|0x0000000085200000, 0x00000000852a9bf0, 0x0000000085300000| 66%| S|CS|TAMS 0x0000000085200000, 0x0000000085200000| Complete 
|  83|0x0000000085300000, 0x0000000085400000, 0x0000000085400000|100%| S|CS|TAMS 0x0000000085300000, 0x0000000085300000| Complete 
|  84|0x0000000085400000, 0x0000000085500000, 0x0000000085500000|100%| S|CS|TAMS 0x0000000085400000, 0x0000000085400000| Complete 
|  85|0x0000000085500000, 0x0000000085500000, 0x0000000085600000|  0%| F|  |TAMS 0x0000000085500000, 0x0000000085500000| Untracked 
|  86|0x0000000085600000, 0x0000000085600000, 0x0000000085700000|  0%| F|  |TAMS 0x0000000085600000, 0x0000000085600000| Untracked 
|  87|0x0000000085700000, 0x0000000085700000, 0x0000000085800000|  0%| F|  |TAMS 0x0000000085700000, 0x0000000085700000| Untracked 
|  88|0x0000000085800000, 0x0000000085800000, 0x0000000085900000|  0%| F|  |TAMS 0x0000000085800000, 0x0000000085800000| Untracked 
|  89|0x0000000085900000, 0x0000000085900000, 0x0000000085a00000|  0%| F|  |TAMS 0x0000000085900000, 0x0000000085900000| Untracked 
|  90|0x0000000085a00000, 0x0000000085a00000, 0x0000000085b00000|  0%| F|  |TAMS 0x0000000085a00000, 0x0000000085a00000| Untracked 
|  91|0x0000000085b00000, 0x0000000085b00000, 0x0000000085c00000|  0%| F|  |TAMS 0x0000000085b00000, 0x0000000085b00000| Untracked 
|  92|0x0000000085c00000, 0x0000000085c00000, 0x0000000085d00000|  0%| F|  |TAMS 0x0000000085c00000, 0x0000000085c00000| Untracked 
|  93|0x0000000085d00000, 0x0000000085d00000, 0x0000000085e00000|  0%| F|  |TAMS 0x0000000085d00000, 0x0000000085d00000| Untracked 
|  94|0x0000000085e00000, 0x0000000085e00000, 0x0000000085f00000|  0%| F|  |TAMS 0x0000000085e00000, 0x0000000085e00000| Untracked 
|  95|0x0000000085f00000, 0x0000000085f00000, 0x0000000086000000|  0%| F|  |TAMS 0x0000000085f00000, 0x0000000085f00000| Untracked 
|  96|0x0000000086000000, 0x0000000086000000, 0x0000000086100000|  0%| F|  |TAMS 0x0000000086000000, 0x0000000086000000| Untracked 
|  97|0x0000000086100000, 0x0000000086100000, 0x0000000086200000|  0%| F|  |TAMS 0x0000000086100000, 0x0000000086100000| Untracked 
|  98|0x0000000086200000, 0x0000000086200000, 0x0000000086300000|  0%| F|  |TAMS 0x0000000086200000, 0x0000000086200000| Untracked 
|  99|0x0000000086300000, 0x0000000086300000, 0x0000000086400000|  0%| F|  |TAMS 0x0000000086300000, 0x0000000086300000| Untracked 
| 100|0x0000000086400000, 0x0000000086400000, 0x0000000086500000|  0%| F|  |TAMS 0x0000000086400000, 0x0000000086400000| Untracked 
| 101|0x0000000086500000, 0x0000000086500000, 0x0000000086600000|  0%| F|  |TAMS 0x0000000086500000, 0x0000000086500000| Untracked 
| 102|0x0000000086600000, 0x0000000086600000, 0x0000000086700000|  0%| F|  |TAMS 0x0000000086600000, 0x0000000086600000| Untracked 
| 103|0x0000000086700000, 0x0000000086700000, 0x0000000086800000|  0%| F|  |TAMS 0x0000000086700000, 0x0000000086700000| Untracked 
| 104|0x0000000086800000, 0x0000000086800000, 0x0000000086900000|  0%| F|  |TAMS 0x0000000086800000, 0x0000000086800000| Untracked 
| 105|0x0000000086900000, 0x0000000086900000, 0x0000000086a00000|  0%| F|  |TAMS 0x0000000086900000, 0x0000000086900000| Untracked 
| 106|0x0000000086a00000, 0x0000000086a00000, 0x0000000086b00000|  0%| F|  |TAMS 0x0000000086a00000, 0x0000000086a00000| Untracked 
| 107|0x0000000086b00000, 0x0000000086b00000, 0x0000000086c00000|  0%| F|  |TAMS 0x0000000086b00000, 0x0000000086b00000| Untracked 
| 108|0x0000000086c00000, 0x0000000086c00000, 0x0000000086d00000|  0%| F|  |TAMS 0x0000000086c00000, 0x0000000086c00000| Untracked 
| 109|0x0000000086d00000, 0x0000000086d00000, 0x0000000086e00000|  0%| F|  |TAMS 0x0000000086d00000, 0x0000000086d00000| Untracked 
| 110|0x0000000086e00000, 0x0000000086e00000, 0x0000000086f00000|  0%| F|  |TAMS 0x0000000086e00000, 0x0000000086e00000| Untracked 
| 111|0x0000000086f00000, 0x0000000086f00000, 0x0000000087000000|  0%| F|  |TAMS 0x0000000086f00000, 0x0000000086f00000| Untracked 
| 112|0x0000000087000000, 0x0000000087000000, 0x0000000087100000|  0%| F|  |TAMS 0x0000000087000000, 0x0000000087000000| Untracked 
| 113|0x0000000087100000, 0x0000000087100000, 0x0000000087200000|  0%| F|  |TAMS 0x0000000087100000, 0x0000000087100000| Untracked 
| 114|0x0000000087200000, 0x0000000087200000, 0x0000000087300000|  0%| F|  |TAMS 0x0000000087200000, 0x0000000087200000| Untracked 
| 115|0x0000000087300000, 0x0000000087381a58, 0x0000000087400000| 50%| E|  |TAMS 0x0000000087300000, 0x0000000087300000| Complete 
| 116|0x0000000087400000, 0x0000000087500000, 0x0000000087500000|100%| E|CS|TAMS 0x0000000087400000, 0x0000000087400000| Complete 
| 117|0x0000000087500000, 0x0000000087600000, 0x0000000087600000|100%| E|CS|TAMS 0x0000000087500000, 0x0000000087500000| Complete 
| 118|0x0000000087600000, 0x0000000087700000, 0x0000000087700000|100%| E|CS|TAMS 0x0000000087600000, 0x0000000087600000| Complete 
| 119|0x0000000087700000, 0x0000000087800000, 0x0000000087800000|100%| E|CS|TAMS 0x0000000087700000, 0x0000000087700000| Complete 
| 120|0x0000000087800000, 0x0000000087900000, 0x0000000087900000|100%| E|CS|TAMS 0x0000000087800000, 0x0000000087800000| Complete 
| 121|0x0000000087900000, 0x0000000087a00000, 0x0000000087a00000|100%| E|CS|TAMS 0x0000000087900000, 0x0000000087900000| Complete 
| 122|0x0000000087a00000, 0x0000000087b00000, 0x0000000087b00000|100%| E|CS|TAMS 0x0000000087a00000, 0x0000000087a00000| Complete 
| 123|0x0000000087b00000, 0x0000000087c00000, 0x0000000087c00000|100%| E|CS|TAMS 0x0000000087b00000, 0x0000000087b00000| Complete 
| 124|0x0000000087c00000, 0x0000000087d00000, 0x0000000087d00000|100%| E|CS|TAMS 0x0000000087c00000, 0x0000000087c00000| Complete 
| 125|0x0000000087d00000, 0x0000000087e00000, 0x0000000087e00000|100%| E|CS|TAMS 0x0000000087d00000, 0x0000000087d00000| Complete 

Card table byte_map: [0x0000029625c10000,0x0000029626010000] _byte_map_base: 0x0000029625810000

Marking Bits (Prev, Next): (CMBitMap*) 0x0000029612a22198, (CMBitMap*) 0x0000029612a221d0
 Prev Bits: [0x0000029626410000, 0x0000029628410000)
 Next Bits: [0x0000029628410000, 0x000002962a410000)

Polling page: 0x00000296121b0000

Metaspace:

Usage:
  Non-class:     48.43 MB capacity,    47.48 MB ( 98%) used,   822.66 KB (  2%) free+waste,   146.44 KB ( <1%) overhead. 
      Class:      7.53 MB capacity,     6.94 MB ( 92%) used,   530.28 KB (  7%) free+waste,    69.38 KB ( <1%) overhead. 
       Both:     55.96 MB capacity,    54.43 MB ( 97%) used,     1.32 MB (  2%) free+waste,   215.81 KB ( <1%) overhead. 

Virtual space:
  Non-class space:       50.00 MB reserved,      48.50 MB ( 97%) committed 
      Class space:        1.00 GB reserved,       7.63 MB ( <1%) committed 
             Both:        1.05 GB reserved,      56.13 MB (  5%) committed 

Chunk freelists:
   Non-Class:  7.00 KB
       Class:  1.00 KB
        Both:  8.00 KB

MaxMetaspaceSize: 17179869184.00 GB
CompressedClassSpaceSize: 1.00 GB
Initial GC threshold: 20.80 MB
Current GC threshold: 58.54 MB
CDS: off

CodeHeap 'non-profiled nmethods': size=120000Kb used=2942Kb max_used=2942Kb free=117057Kb
 bounds [0x000002961dfb0000, 0x000002961e290000, 0x00000296254e0000]
CodeHeap 'profiled nmethods': size=120000Kb used=12332Kb max_used=12332Kb free=107668Kb
 bounds [0x0000029616a80000, 0x0000029617690000, 0x000002961dfb0000]
CodeHeap 'non-nmethods': size=5760Kb used=2318Kb max_used=2341Kb free=3441Kb
 bounds [0x00000296164e0000, 0x0000029616750000, 0x0000029616a80000]
 total_blobs=6648 nmethods=5832 adapters=728
 compilation: enabled
              stopped_count=0, restarted_count=0
 full_count=0

Compilation events (20 events):
Event: 50.652 Thread 0x000002962d7db000 5886       4       org.objectweb.asm.Frame::execute (2318 bytes)
Event: 50.702 Thread 0x000002962d7de800 5890   !   3       org.gradle.internal.instantiation.generator.DependencyInjectingInstantiator::doCreate (64 bytes)
Event: 50.703 Thread 0x000002962d7de800 nmethod 5890 0x0000029617684690 code [0x00000296176848c0, 0x0000029617684e68]
Event: 50.703 Thread 0x000002962d7de800 5891       3       org.gradle.internal.instantiation.generator.DependencyInjectingInstantiator::convertParameters (126 bytes)
Event: 50.706 Thread 0x000002962d7de800 nmethod 5891 0x0000029617685290 code [0x0000029617685660, 0x00000296176870b8]
Event: 50.707 Thread 0x000002962d7de800 5892       3       org.gradle.internal.instantiation.generator.AbstractClassGenerator$GeneratedClassImpl$GeneratedConstructorImpl::newInstance (15 bytes)
Event: 50.707 Thread 0x000002962d7de800 nmethod 5892 0x0000029617687a10 code [0x0000029617687be0, 0x0000029617687d68]
Event: 50.707 Thread 0x000002962d7de800 5893   !   3       org.gradle.internal.instantiation.generator.AsmBackedClassGenerator$InvokeConstructorStrategy::newInstance (66 bytes)
Event: 50.710 Thread 0x000002962d7de800 nmethod 5893 0x0000029617687e90 code [0x0000029617688200, 0x0000029617689a48]
Event: 50.710 Thread 0x000002962d7de800 5894       3       org.gradle.internal.instantiation.generator.AsmBackedClassGenerator$ObjectCreationDetails::<init> (26 bytes)
Event: 50.710 Thread 0x000002962d7de800 nmethod 5894 0x000002961768a310 code [0x000002961768a4e0, 0x000002961768a7b8]
Event: 50.728 Thread 0x0000029632372800 nmethod 5875 0x000002961e287190 code [0x000002961e2875c0, 0x000002961e28a908]
Event: 50.728 Thread 0x0000029632372800 5880       4       java.lang.Class::getClassLoader (28 bytes)
Event: 50.730 Thread 0x0000029632372800 nmethod 5880 0x000002961e28c410 code [0x000002961e28c5a0, 0x000002961e28c638]
Event: 50.730 Thread 0x0000029632372800 5881       4       org.objectweb.asm.MethodWriter::visitVarInsn (302 bytes)
Event: 50.734 Thread 0x000002962d7de800 5895       3       org.gradle.internal.instantiation.generator.DependencyInjectingInstantiator::newInstance (8 bytes)
Event: 50.734 Thread 0x000002962d7de800 nmethod 5895 0x000002961768a890 code [0x000002961768aa40, 0x000002961768ab88]
Event: 50.738 Thread 0x000002962d7de800 5896       3       org.gradle.internal.ImmutableActionSet::empty (10 bytes)
Event: 50.738 Thread 0x000002962d7de800 nmethod 5896 0x000002961768ac90 code [0x000002961768ae40, 0x000002961768af78]
Event: 50.744 Thread 0x0000029632372800 nmethod 5881 0x000002961e28c710 code [0x000002961e28c8e0, 0x000002961e28cde8]

GC Heap History (20 events):
Event: 33.115 GC heap before
{Heap before GC invocations=3 (full 0):
 garbage-first heap   total 129024K, used 65530K [0x0000000080000000, 0x0000000100000000)
  region size 1024K, 54 young (55296K), 4 survivors (4096K)
 Metaspace       used 19822K, capacity 20219K, committed 20352K, reserved 1067008K
  class space    used 2432K, capacity 2572K, committed 2688K, reserved 1048576K
}
Event: 33.127 GC heap after
{Heap after GC invocations=4 (full 0):
 garbage-first heap   total 129024K, used 17235K [0x0000000080000000, 0x0000000100000000)
  region size 1024K, 3 young (3072K), 3 survivors (3072K)
 Metaspace       used 19822K, capacity 20219K, committed 20352K, reserved 1067008K
  class space    used 2432K, capacity 2572K, committed 2688K, reserved 1048576K
}
Event: 33.474 GC heap before
{Heap before GC invocations=4 (full 0):
 garbage-first heap   total 129024K, used 22355K [0x0000000080000000, 0x0000000100000000)
  region size 1024K, 9 young (9216K), 3 survivors (3072K)
 Metaspace       used 20677K, capacity 21082K, committed 21248K, reserved 1067008K
  class space    used 2544K, capacity 2712K, committed 2816K, reserved 1048576K
}
Event: 33.485 GC heap after
{Heap after GC invocations=5 (full 0):
 garbage-first heap   total 129024K, used 17462K [0x0000000080000000, 0x0000000100000000)
  region size 1024K, 4 young (4096K), 4 survivors (4096K)
 Metaspace       used 20677K, capacity 21082K, committed 21248K, reserved 1067008K
  class space    used 2544K, capacity 2712K, committed 2816K, reserved 1048576K
}
Event: 35.753 GC heap before
{Heap before GC invocations=6 (full 0):
 garbage-first heap   total 129024K, used 66614K [0x0000000080000000, 0x0000000100000000)
  region size 1024K, 52 young (53248K), 4 survivors (4096K)
 Metaspace       used 25728K, capacity 26305K, committed 26368K, reserved 1073152K
  class space    used 3316K, capacity 3521K, committed 3584K, reserved 1048576K
}
Event: 35.767 GC heap after
{Heap after GC invocations=7 (full 0):
 garbage-first heap   total 129024K, used 19315K [0x0000000080000000, 0x0000000100000000)
  region size 1024K, 5 young (5120K), 5 survivors (5120K)
 Metaspace       used 25728K, capacity 26305K, committed 26368K, reserved 1073152K
  class space    used 3316K, capacity 3521K, committed 3584K, reserved 1048576K
}
Event: 37.998 GC heap before
{Heap before GC invocations=7 (full 0):
 garbage-first heap   total 129024K, used 71539K [0x0000000080000000, 0x0000000100000000)
  region size 1024K, 56 young (57344K), 5 survivors (5120K)
 Metaspace       used 30787K, capacity 31476K, committed 31616K, reserved 1077248K
  class space    used 4118K, capacity 4379K, committed 4480K, reserved 1048576K
}
Event: 38.010 GC heap after
{Heap after GC invocations=8 (full 0):
 garbage-first heap   total 129024K, used 20768K [0x0000000080000000, 0x0000000100000000)
  region size 1024K, 4 young (4096K), 4 survivors (4096K)
 Metaspace       used 30787K, capacity 31476K, committed 31616K, reserved 1077248K
  class space    used 4118K, capacity 4379K, committed 4480K, reserved 1048576K
}
Event: 38.869 GC heap before
{Heap before GC invocations=8 (full 0):
 garbage-first heap   total 129024K, used 33056K [0x0000000080000000, 0x0000000100000000)
  region size 1024K, 17 young (17408K), 4 survivors (4096K)
 Metaspace       used 35001K, capacity 35794K, committed 35840K, reserved 1081344K
  class space    used 4536K, capacity 4839K, committed 4864K, reserved 1048576K
}
Event: 38.885 GC heap after
{Heap after GC invocations=9 (full 0):
 garbage-first heap   total 129024K, used 22736K [0x0000000080000000, 0x0000000100000000)
  region size 1024K, 6 young (6144K), 6 survivors (6144K)
 Metaspace       used 35001K, capacity 35794K, committed 35840K, reserved 1081344K
  class space    used 4536K, capacity 4839K, committed 4864K, reserved 1048576K
}
Event: 40.619 GC heap before
{Heap before GC invocations=10 (full 0):
 garbage-first heap   total 129024K, used 75984K [0x0000000080000000, 0x0000000100000000)
  region size 1024K, 56 young (57344K), 6 survivors (6144K)
 Metaspace       used 39375K, capacity 40349K, committed 40448K, reserved 1085440K
  class space    used 5024K, capacity 5353K, committed 5376K, reserved 1048576K
}
Event: 40.634 GC heap after
{Heap after GC invocations=11 (full 0):
 garbage-first heap   total 129024K, used 27095K [0x0000000080000000, 0x0000000100000000)
  region size 1024K, 7 young (7168K), 7 survivors (7168K)
 Metaspace       used 39375K, capacity 40349K, committed 40448K, reserved 1085440K
  class space    used 5024K, capacity 5353K, committed 5376K, reserved 1048576K
}
Event: 42.270 GC heap before
{Heap before GC invocations=11 (full 0):
 garbage-first heap   total 129024K, used 79319K [0x0000000080000000, 0x0000000100000000)
  region size 1024K, 58 young (59392K), 7 survivors (7168K)
 Metaspace       used 43763K, capacity 44971K, committed 45184K, reserved 1089536K
  class space    used 5579K, capacity 6011K, committed 6016K, reserved 1048576K
}
Event: 42.298 GC heap after
{Heap after GC invocations=12 (full 0):
 garbage-first heap   total 129024K, used 30785K [0x0000000080000000, 0x0000000100000000)
  region size 1024K, 8 young (8192K), 8 survivors (8192K)
 Metaspace       used 43763K, capacity 44971K, committed 45184K, reserved 1089536K
  class space    used 5579K, capacity 6011K, committed 6016K, reserved 1048576K
}
Event: 43.639 GC heap before
{Heap before GC invocations=12 (full 0):
 garbage-first heap   total 129024K, used 84033K [0x0000000080000000, 0x0000000100000000)
  region size 1024K, 60 young (61440K), 8 survivors (8192K)
 Metaspace       used 47414K, capacity 48861K, committed 48896K, reserved 1091584K
  class space    used 6125K, capacity 6650K, committed 6656K, reserved 1048576K
}
Event: 43.653 GC heap after
{Heap after GC invocations=13 (full 0):
 garbage-first heap   total 129024K, used 32619K [0x0000000080000000, 0x0000000100000000)
  region size 1024K, 6 young (6144K), 6 survivors (6144K)
 Metaspace       used 47414K, capacity 48861K, committed 48896K, reserved 1091584K
  class space    used 6125K, capacity 6650K, committed 6656K, reserved 1048576K
}
Event: 48.573 GC heap before
{Heap before GC invocations=13 (full 0):
 garbage-first heap   total 129024K, used 97131K [0x0000000080000000, 0x0000000100000000)
  region size 1024K, 62 young (63488K), 6 survivors (6144K)
 Metaspace       used 49119K, capacity 50604K, committed 50688K, reserved 1093632K
  class space    used 6287K, capacity 6836K, committed 6912K, reserved 1048576K
}
Event: 48.594 GC heap after
{Heap after GC invocations=14 (full 0):
 garbage-first heap   total 129024K, used 51714K [0x0000000080000000, 0x0000000100000000)
  region size 1024K, 8 young (8192K), 8 survivors (8192K)
 Metaspace       used 49119K, capacity 50604K, committed 50688K, reserved 1093632K
  class space    used 6287K, capacity 6836K, committed 6912K, reserved 1048576K
}
Event: 50.321 GC heap before
{Heap before GC invocations=14 (full 0):
 garbage-first heap   total 129024K, used 93698K [0x0000000080000000, 0x0000000100000000)
  region size 1024K, 49 young (50176K), 8 survivors (8192K)
 Metaspace       used 54180K, capacity 55796K, committed 55936K, reserved 1097728K
  class space    used 6919K, capacity 7530K, committed 7552K, reserved 1048576K
}
Event: 50.334 GC heap after
{Heap after GC invocations=15 (full 0):
 garbage-first heap   total 129024K, used 55467K [0x0000000080000000, 0x0000000100000000)
  region size 1024K, 3 young (3072K), 3 survivors (3072K)
 Metaspace       used 54180K, capacity 55796K, committed 55936K, reserved 1097728K
  class space    used 6919K, capacity 7530K, committed 7552K, reserved 1048576K
}

Deoptimization events (20 events):
Event: 48.846 Thread 0x000002962f966800 Uncommon trap: trap_request=0xffffff4d fr.pc=0x000002961e008e60 relative=0x0000000000000580
Event: 48.846 Thread 0x000002962f966800 Uncommon trap: reason=unstable_if action=reinterpret pc=0x000002961e008e60 method=java.util.jar.Manifest$FastInputStream.readLine([BII)I @ 130 c2
Event: 48.846 Thread 0x000002962f966800 DEOPT PACKING pc=0x000002961e008e60 sp=0x000000ed928f8080
Event: 48.847 Thread 0x000002962f966800 DEOPT UNPACKING pc=0x000002961652a1af sp=0x000000ed928f8010 mode 2
Event: 49.512 Thread 0x000002962f966800 Uncommon trap: trap_request=0xffffff45 fr.pc=0x000002961e1630fc relative=0x0000000000000d5c
Event: 49.512 Thread 0x000002962f966800 Uncommon trap: reason=unstable_fused_if action=reinterpret pc=0x000002961e1630fc method=org.objectweb.asm.ByteVector.putUTF8(Ljava/lang/String;)Lorg/objectweb/asm/ByteVector; @ 93 c2
Event: 49.512 Thread 0x000002962f966800 DEOPT PACKING pc=0x000002961e1630fc sp=0x000000ed928f80b0
Event: 49.512 Thread 0x000002962f966800 DEOPT UNPACKING pc=0x000002961652a1af sp=0x000000ed928f8008 mode 2
Event: 49.574 Thread 0x000002962f966800 Uncommon trap: trap_request=0xffffff45 fr.pc=0x000002961e0d38f4 relative=0x0000000000000214
Event: 49.574 Thread 0x000002962f966800 Uncommon trap: reason=unstable_fused_if action=reinterpret pc=0x000002961e0d38f4 method=org.objectweb.asm.ByteVector.putUTF8(Ljava/lang/String;)Lorg/objectweb/asm/ByteVector; @ 93 c2
Event: 49.574 Thread 0x000002962f966800 DEOPT PACKING pc=0x000002961e0d38f4 sp=0x000000ed928f83d0
Event: 49.575 Thread 0x000002962f966800 DEOPT UNPACKING pc=0x000002961652a1af sp=0x000000ed928f8350 mode 2
Event: 50.005 Thread 0x000002962f966800 Uncommon trap: trap_request=0xffffff4d fr.pc=0x000002961e120e48 relative=0x0000000000000748
Event: 50.006 Thread 0x000002962f966800 Uncommon trap: reason=unstable_if action=reinterpret pc=0x000002961e120e48 method=java.io.BufferedInputStream.read([BII)I @ 56 c2
Event: 50.006 Thread 0x000002962f966800 DEOPT PACKING pc=0x000002961e120e48 sp=0x000000ed928f7e50
Event: 50.006 Thread 0x000002962f966800 DEOPT UNPACKING pc=0x000002961652a1af sp=0x000000ed928f7e08 mode 2
Event: 50.334 Thread 0x000002962d976000 Uncommon trap: trap_request=0xffffffde fr.pc=0x000002961e233cec relative=0x000000000000052c
Event: 50.334 Thread 0x000002962d976000 Uncommon trap: reason=class_check action=maybe_recompile pc=0x000002961e233cec method=jdk.internal.ref.PhantomCleanable.clean()V @ 12 c2
Event: 50.334 Thread 0x000002962d976000 DEOPT PACKING pc=0x000002961e233cec sp=0x000000ed91eff050
Event: 50.334 Thread 0x000002962d976000 DEOPT UNPACKING pc=0x000002961652a1af sp=0x000000ed91eff030 mode 2

Classes redefined (0 events):
No events

Internal exceptions (20 events):
Event: 48.684 Thread 0x000002962f966800 Exception <a 'java/lang/ClassNotFoundException'{0x0000000087a07d78}: org/gradle/api/tasks/Delete_DecoratedCustomizer> (0x0000000087a07d78) thrown at [./src/hotspot/share/classfile/systemDictionary.cpp, line 231]
Event: 48.740 Thread 0x000002962f966800 Exception <a 'java/lang/NoSuchMethodError'{0x000000008791c868}: 'long java.lang.invoke.DirectMethodHandle$Holder.invokeVirtual(java.lang.Object, java.lang.Object)'> (0x000000008791c868) thrown at [./src/hotspot/share/interpreter/linkResolver.cpp, line 773]
Event: 48.753 Thread 0x000002962e86c000 Exception <a 'java/lang/NoSuchMethodError'{0x0000000087984730}: <clinit>> (0x0000000087984730) thrown at [./src/hotspot/share/prims/jni.cpp, line 1365]
Event: 48.761 Thread 0x000002962e86c000 Exception <a 'java/lang/NoSuchMethodError'{0x00000000879ac2e0}: <clinit>> (0x00000000879ac2e0) thrown at [./src/hotspot/share/prims/jni.cpp, line 1365]
Event: 48.762 Thread 0x000002962e86c000 Exception <a 'java/lang/NoSuchMethodError'{0x00000000879ad3f0}: <clinit>> (0x00000000879ad3f0) thrown at [./src/hotspot/share/prims/jni.cpp, line 1365]
Event: 48.762 Thread 0x000002962e86c000 Exception <a 'java/lang/NoSuchMethodError'{0x00000000879ae6f8}: <clinit>> (0x00000000879ae6f8) thrown at [./src/hotspot/share/prims/jni.cpp, line 1365]
Event: 48.762 Thread 0x000002962e86c000 Exception <a 'java/lang/NoSuchMethodError'{0x00000000879af9e0}: <clinit>> (0x00000000879af9e0) thrown at [./src/hotspot/share/prims/jni.cpp, line 1365]
Event: 48.765 Thread 0x000002962e86c000 Exception <a 'java/lang/NoSuchMethodError'{0x00000000879c46f0}: <clinit>> (0x00000000879c46f0) thrown at [./src/hotspot/share/prims/jni.cpp, line 1365]
Event: 48.767 Thread 0x000002962e86c000 Exception <a 'java/lang/NoSuchMethodError'{0x00000000879cef98}: <clinit>> (0x00000000879cef98) thrown at [./src/hotspot/share/prims/jni.cpp, line 1365]
Event: 48.771 Thread 0x000002962e86c000 Exception <a 'java/lang/NoSuchMethodError'{0x00000000879e32f0}: <clinit>> (0x00000000879e32f0) thrown at [./src/hotspot/share/prims/jni.cpp, line 1365]
Event: 48.834 Thread 0x000002962f966800 Exception <a 'java/lang/ClassNotFoundException'{0x0000000087876980}: build_2adul8ikqordka2m6dtl3vxs2BeanInfo> (0x0000000087876980) thrown at [./src/hotspot/share/classfile/systemDictionary.cpp, line 231]
Event: 48.835 Thread 0x000002962f966800 Exception <a 'java/lang/ClassNotFoundException'{0x0000000087881938}: build_2adul8ikqordka2m6dtl3vxs2Customizer> (0x0000000087881938) thrown at [./src/hotspot/share/classfile/systemDictionary.cpp, line 231]
Event: 48.931 Thread 0x000002962f966800 Exception <a 'java/lang/ClassNotFoundException'{0x00000000876493f0}: org/gradle/api/internal/plugins/DefaultObjectConfigurationActionBeanInfo> (0x00000000876493f0) thrown at [./src/hotspot/share/classfile/systemDictionary.cpp, line 231]
Event: 48.934 Thread 0x000002962f966800 Exception <a 'java/lang/ClassNotFoundException'{0x000000008767fad0}: org/gradle/api/internal/plugins/DefaultObjectConfigurationActionCustomizer> (0x000000008767fad0) thrown at [./src/hotspot/share/classfile/systemDictionary.cpp, line 231]
Event: 49.493 Thread 0x000002962f966800 Exception <a 'java/lang/NoSuchMethodError'{0x0000000086cad7c8}: 'java.lang.Object java.lang.invoke.DirectMethodHandle$Holder.invokeStatic(java.lang.Object, java.lang.Object, java.lang.Object, java.lang.Object, int)'> (0x0000000086cad7c8) thrown at [./src/hotspot/share/interpreter/linkResolver.cpp, line 773]
Event: 49.494 Thread 0x000002962f966800 Exception <a 'java/lang/NoSuchMethodError'{0x0000000086cb21c0}: 'java.lang.Object java.lang.invoke.DirectMethodHandle$Holder.invokeSpecial(java.lang.Object, java.lang.Object, java.lang.Object, java.lang.Object, java.lang.Object, int)'> (0x0000000086cb21c0) thrown at [./src/hotspot/share/interpreter/linkResolver.cpp, line 773]
Event: 49.494 Thread 0x000002962f966800 Exception <a 'java/lang/NoSuchMethodError'{0x0000000086cb6800}: 'java.lang.Object java.lang.invoke.Invokers$Holder.linkToTargetMethod(java.lang.Object, java.lang.Object, java.lang.Object, int, java.lang.Object)'> (0x0000000086cb6800) thrown at [./src/hotspot/share/interpreter/linkResolver.cpp, line 773]
Event: 50.055 Thread 0x000002962f966800 Exception <a 'java/lang/NoSuchMethodError'{0x0000000085d92f58}: 'java.lang.Object java.lang.invoke.DirectMethodHandle$Holder.invokeSpecial(java.lang.Object, java.lang.Object, int, int, java.lang.Object, java.lang.Object, java.lang.Object)'> (0x0000000085d92f58) thrown at [./src/hotspot/share/interpreter/linkResolver.cpp, line 773]
Event: 50.055 Thread 0x000002962f966800 Exception <a 'java/lang/NoSuchMethodError'{0x0000000085d974d8}: 'java.lang.Object java.lang.invoke.DelegatingMethodHandle$Holder.reinvoke_L(java.lang.Object, int, int, java.lang.Object, java.lang.Object, java.lang.Object)'> (0x0000000085d974d8) thrown at [./src/hotspot/share/interpreter/linkResolver.cpp, line 773]
Event: 50.642 Thread 0x000002962f966800 Exception <a 'java/lang/NoSuchMethodError'{0x0000000087817c88}: 'int java.lang.invoke.DirectMethodHandle$Holder.invokeInterface(java.lang.Object, java.lang.Object, java.lang.Object, java.lang.Object)'> (0x0000000087817c88) thrown at [./src/hotspot/share/interpreter/linkResolver.cpp, line 773]

Events (20 events):
Event: 50.749 loading class com/android/build/gradle/internal/profile/AnalyticsServiceApi
Event: 50.749 loading class com/android/build/gradle/internal/profile/AnalyticsServiceApi done
Event: 50.751 loading class org/gradle/tooling/events/OperationCompletionListener
Event: 50.751 loading class org/gradle/tooling/events/OperationCompletionListener done
Event: 50.751 loading class org/gradle/tooling/events/OperationCompletionListener
Event: 50.751 loading class org/gradle/tooling/events/OperationCompletionListener done
Event: 50.753 loading class com/android/build/gradle/internal/profile/NoOpAnalyticsService
Event: 50.753 loading class com/android/build/gradle/internal/profile/NoOpAnalyticsService done
Event: 50.755 loading class org/gradle/api/services/BuildServiceSpec
Event: 50.755 loading class org/gradle/api/services/BuildServiceSpec done
Event: 50.755 loading class org/gradle/api/services/BuildServiceSpec
Event: 50.755 loading class org/gradle/api/services/BuildServiceSpec done
Event: 50.755 loading class org/gradle/api/Action
Event: 50.755 loading class org/gradle/api/Action done
Event: 50.756 loading class com/android/build/gradle/internal/profile/AnalyticsService$Params
Event: 50.756 loading class com/android/build/gradle/internal/profile/AnalyticsService$Params done
Event: 50.758 loading class com/android/build/gradle/internal/profile/ProjectData
Event: 50.758 loading class com/android/build/gradle/internal/profile/ProjectData done
Event: 50.759 loading class com/android/build/gradle/internal/profile/TaskMetadata
Event: 50.759 loading class com/android/build/gradle/internal/profile/TaskMetadata done


Dynamic libraries:
0x00007ff728b80000 - 0x00007ff728b8a000 	C:\Program Files\Android\Android Studio\jre\bin\java.exe
0x00007ffc20bf0000 - 0x00007ffc20e04000 	C:\WINDOWS\SYSTEM32\ntdll.dll
0x00007ffc1fa30000 - 0x00007ffc1faf2000 	C:\WINDOWS\System32\KERNEL32.DLL
0x00007ffc1e660000 - 0x00007ffc1e9fc000 	C:\WINDOWS\System32\KERNELBASE.dll
0x00007ffc1e030000 - 0x00007ffc1e141000 	C:\WINDOWS\System32\ucrtbase.dll
0x00007ffbd4c20000 - 0x00007ffbd4c39000 	C:\Program Files\Android\Android Studio\jre\bin\jli.dll
0x00007ffbd4c00000 - 0x00007ffbd4c17000 	C:\Program Files\Android\Android Studio\jre\bin\VCRUNTIME140.dll
0x00007ffc1fdb0000 - 0x00007ffc1ff5b000 	C:\WINDOWS\System32\USER32.dll
0x00007ffc00970000 - 0x00007ffc00bfe000 	C:\WINDOWS\WinSxS\amd64_microsoft.windows.common-controls_6595b64144ccf1df_6.0.22621.436_none_a94247dbc10d8414\COMCTL32.dll
0x00007ffc1e420000 - 0x00007ffc1e446000 	C:\WINDOWS\System32\win32u.dll
0x00007ffc1f730000 - 0x00007ffc1f759000 	C:\WINDOWS\System32\GDI32.dll
0x00007ffc1e300000 - 0x00007ffc1e412000 	C:\WINDOWS\System32\gdi32full.dll
0x00007ffc1ea20000 - 0x00007ffc1eac7000 	C:\WINDOWS\System32\msvcrt.dll
0x00007ffc1e5c0000 - 0x00007ffc1e65a000 	C:\WINDOWS\System32\msvcp_win.dll
0x00007ffc1f850000 - 0x00007ffc1f881000 	C:\WINDOWS\System32\IMM32.DLL
0x00007ffbd3640000 - 0x00007ffbd36dd000 	C:\Program Files\Android\Android Studio\jre\bin\msvcp140.dll
0x00007ffb8e340000 - 0x00007ffb8ee25000 	C:\Program Files\Android\Android Studio\jre\bin\server\jvm.dll
0x00007ffc1fb00000 - 0x00007ffc1fbae000 	C:\WINDOWS\System32\ADVAPI32.dll
0x00007ffc207a0000 - 0x00007ffc20844000 	C:\WINDOWS\System32\sechost.dll
0x00007ffc1f890000 - 0x00007ffc1f9a5000 	C:\WINDOWS\System32\RPCRT4.dll
0x00007ffc20b10000 - 0x00007ffc20b18000 	C:\WINDOWS\System32\PSAPI.DLL
0x00007ffc10990000 - 0x00007ffc1099a000 	C:\WINDOWS\SYSTEM32\VERSION.dll
0x00007ffc15b30000 - 0x00007ffc15b64000 	C:\WINDOWS\SYSTEM32\WINMM.dll
0x00007ffbecbe0000 - 0x00007ffbecbe9000 	C:\WINDOWS\SYSTEM32\WSOCK32.dll
0x00007ffc1f9b0000 - 0x00007ffc1fa21000 	C:\WINDOWS\System32\WS2_32.dll
0x00007ffc1d070000 - 0x00007ffc1d088000 	C:\WINDOWS\SYSTEM32\kernel.appcore.dll
0x00007ffc079d0000 - 0x00007ffc079e1000 	C:\Program Files\Android\Android Studio\jre\bin\verify.dll
0x00007ffc18b30000 - 0x00007ffc18d5e000 	C:\WINDOWS\SYSTEM32\DBGHELP.DLL
0x00007ffc20410000 - 0x00007ffc20799000 	C:\WINDOWS\System32\combase.dll
0x00007ffc1fbb0000 - 0x00007ffc1fc87000 	C:\WINDOWS\System32\OLEAUT32.dll
0x00007ffbeca90000 - 0x00007ffbecac2000 	C:\WINDOWS\SYSTEM32\dbgcore.DLL
0x00007ffc1e280000 - 0x00007ffc1e2fb000 	C:\WINDOWS\System32\bcryptPrimitives.dll
0x00007ffbe5420000 - 0x00007ffbe5449000 	C:\Program Files\Android\Android Studio\jre\bin\java.dll
0x00007ffc072f0000 - 0x00007ffc072fb000 	C:\Program Files\Android\Android Studio\jre\bin\jimage.dll
0x00007ffbee0f0000 - 0x00007ffbee108000 	C:\Program Files\Android\Android Studio\jre\bin\zip.dll
0x00007ffc1ead0000 - 0x00007ffc1f2ab000 	C:\WINDOWS\System32\SHELL32.dll
0x00007ffc1c010000 - 0x00007ffc1c8c4000 	C:\WINDOWS\SYSTEM32\windows.storage.dll
0x00007ffc1bed0000 - 0x00007ffc1c00d000 	C:\WINDOWS\SYSTEM32\wintypes.dll
0x00007ffc1ff60000 - 0x00007ffc20051000 	C:\WINDOWS\System32\SHCORE.dll
0x00007ffc20190000 - 0x00007ffc201ee000 	C:\WINDOWS\System32\shlwapi.dll
0x00007ffc1df60000 - 0x00007ffc1df81000 	C:\WINDOWS\SYSTEM32\profapi.dll
0x00007ffbe2440000 - 0x00007ffbe245a000 	C:\Program Files\Android\Android Studio\jre\bin\net.dll
0x00007ffc1b420000 - 0x00007ffc1b54f000 	C:\WINDOWS\SYSTEM32\WINHTTP.dll
0x00007ffc1d4c0000 - 0x00007ffc1d529000 	C:\WINDOWS\system32\mswsock.dll
0x00007ffbd6070000 - 0x00007ffbd6084000 	C:\Program Files\Android\Android Studio\jre\bin\nio.dll
0x00007ffbff950000 - 0x00007ffbff977000 	C:\Users\kelvi\.gradle\native\e1d6ef7f7dcc3fd88c89a11ec53ec762bb8ba0a96d01ffa2cd45eb1d1d8dd5c5\windows-amd64\native-platform.dll
0x00007ffbb2860000 - 0x00007ffbb29a4000 	C:\Users\kelvi\.gradle\native\5664cfc778a61ccfe75a443a1ab52a65af34e5dc3c78e0209fed803814484fcb\windows-amd64\native-platform-file-events.dll
0x00007ffbfacc0000 - 0x00007ffbfacca000 	C:\Program Files\Android\Android Studio\jre\bin\management.dll
0x00007ffbf6f00000 - 0x00007ffbf6f0d000 	C:\Program Files\Android\Android Studio\jre\bin\management_ext.dll
0x00007ffc1d840000 - 0x00007ffc1d85b000 	C:\WINDOWS\SYSTEM32\CRYPTSP.dll
0x00007ffc1cfe0000 - 0x00007ffc1d015000 	C:\WINDOWS\system32\rsaenh.dll
0x00007ffc1d560000 - 0x00007ffc1d588000 	C:\WINDOWS\SYSTEM32\USERENV.dll
0x00007ffc1d970000 - 0x00007ffc1d998000 	C:\WINDOWS\SYSTEM32\bcrypt.dll
0x00007ffc1d7f0000 - 0x00007ffc1d7fc000 	C:\WINDOWS\SYSTEM32\CRYPTBASE.dll
0x00007ffc1cb20000 - 0x00007ffc1cb4d000 	C:\WINDOWS\SYSTEM32\IPHLPAPI.DLL
0x00007ffc1fd40000 - 0x00007ffc1fd49000 	C:\WINDOWS\System32\NSI.dll
0x00007ffc155f0000 - 0x00007ffc15609000 	C:\WINDOWS\SYSTEM32\dhcpcsvc6.DLL
0x00007ffc11980000 - 0x00007ffc1199f000 	C:\WINDOWS\SYSTEM32\dhcpcsvc.DLL
0x00007ffc1cb90000 - 0x00007ffc1cc82000 	C:\WINDOWS\SYSTEM32\DNSAPI.dll

dbghelp: loaded successfully - version: 4.0.5 - missing functions: none
symbol engine: initialized successfully - sym options: 0x614 - pdb path: .;C:\Program Files\Android\Android Studio\jre\bin;C:\WINDOWS\SYSTEM32;C:\WINDOWS\WinSxS\amd64_microsoft.windows.common-controls_6595b64144ccf1df_6.0.22621.436_none_a94247dbc10d8414;C:\Program Files\Android\Android Studio\jre\bin\server;C:\Users\kelvi\.gradle\native\e1d6ef7f7dcc3fd88c89a11ec53ec762bb8ba0a96d01ffa2cd45eb1d1d8dd5c5\windows-amd64;C:\Users\kelvi\.gradle\native\5664cfc778a61ccfe75a443a1ab52a65af34e5dc3c78e0209fed803814484fcb\windows-amd64

VM Arguments:
jvm_args: --add-opens=java.base/java.util=ALL-UNNAMED --add-opens=java.base/java.lang=ALL-UNNAMED --add-opens=java.base/java.lang.invoke=ALL-UNNAMED --add-opens=java.base/java.util=ALL-UNNAMED --add-opens=java.prefs/java.util.prefs=ALL-UNNAMED --add-opens=java.prefs/java.util.prefs=ALL-UNNAMED --add-opens=java.base/java.nio.charset=ALL-UNNAMED --add-opens=java.base/java.net=ALL-UNNAMED --add-opens=java.base/java.util.concurrent.atomic=ALL-UNNAMED -Xmx2048m -Dfile.encoding=UTF-8 -Duser.country=GB -Duser.language=en -Duser.variant 
java_command: org.gradle.launcher.daemon.bootstrap.GradleDaemon 7.3.3
java_class_path (initial): C:\Users\kelvi\.gradle\wrapper\dists\gradle-7.3.3-bin\6a41zxkdtcxs8rphpq6y0069z\gradle-7.3.3\lib\gradle-launcher-7.3.3.jar
Launcher Type: SUN_STANDARD

[Global flags]
     intx CICompilerCount                          = 4                                         {product} {ergonomic}
     uint ConcGCThreads                            = 2                                         {product} {ergonomic}
     uint G1ConcRefinementThreads                  = 8                                         {product} {ergonomic}
   size_t G1HeapRegionSize                         = 1048576                                   {product} {ergonomic}
    uintx GCDrainStackTargetSize                   = 64                                        {product} {ergonomic}
   size_t InitialHeapSize                          = 132120576                                 {product} {ergonomic}
   size_t MarkStackSize                            = 4194304                                   {product} {ergonomic}
   size_t MaxHeapSize                              = 2147483648                                {product} {command line}
   size_t MaxNewSize                               = 1287651328                                {product} {ergonomic}
   size_t MinHeapDeltaBytes                        = 1048576                                   {product} {ergonomic}
    uintx NonNMethodCodeHeapSize                   = 5836300                                {pd product} {ergonomic}
    uintx NonProfiledCodeHeapSize                  = 122910970                              {pd product} {ergonomic}
    uintx ProfiledCodeHeapSize                     = 122910970                              {pd product} {ergonomic}
    uintx ReservedCodeCacheSize                    = 251658240                              {pd product} {ergonomic}
     bool SegmentedCodeCache                       = true                                      {product} {ergonomic}
     bool UseCompressedClassPointers               = true                                 {lp64_product} {ergonomic}
     bool UseCompressedOops                        = true                                 {lp64_product} {ergonomic}
     bool UseG1GC                                  = true                                      {product} {ergonomic}
     bool UseLargePagesIndividualAllocation        = false                                  {pd product} {ergonomic}

Logging:
Log output configuration:
 #0: stdout all=warning uptime,level,tags
 #1: stderr all=off uptime,level,tags

Environment Variables:
JAVA_HOME=C:\Program Files\Java\jdk-18.0.1
PATH=C:\Users\kelvi\AppData\Local\Programs\Python\Python39\Scripts;C:\Program Files\Common Files\Oracle\Java\javapath;C:\Program Files (x86)\Common Files\Oracle\Java\javapath;C:\WINDOWS\system32;C:\WINDOWS;C:\WINDOWS\System32\Wbem;C:\WINDOWS\System32\WindowsPowerShell\v1.0\;C:\WINDOWS\System32\OpenSSH\;C:\Program Files\dotnet\;C:\Program Files\Microsoft SQL Server\Client SDK\ODBC\170\Tools\Binn\;C:\Program Files\Microsoft SQL Server\Client SDK\ODBC\130\Tools\Binn\;C:\php;C:\ProgramData\chocolatey\bin;C:\composer;C:\Users\kelvi\AppData\Roaming\Composer\vendor\bin;C:\Users\kelvi\AppData\Roaming\Python\Python39;C:\Program Files\MongoDB\Server\4.4\bin;c:\nginx\nginx.exe;C:\Program Files\Microsoft SQL Server\110\Tools\Binn\;C:\Program Files (x86)\Microsoft SQL Server\150\DTS\Binn\;C:\Program Files (x86)\Microsoft SQL Server\110\DTS\Binn\;C:\Program Files (x86)\Microsoft SQL Server\120\DTS\Binn\;C:\Program Files (x86)\Microsoft SQL Server\130\DTS\Binn\;C:\Program Files (x86)\Microsoft SQL Server\140\DTS\Binn\;C:\ProgramData\chocolatey\lib\gsudo\bin\;C:\Users\kelvi\AppData\Local\Programs\Python\Python39;C:\Program Files\Git\cmd;C:\Program Files\nodejs\;C:\Program Files (x86)\Microsoft SQL Server\150\Tools\Binn\;C:\Program Files\Microsoft SQL Server\150\Tools\Binn\;C:\Program Files\Microsoft SQL Server\150\DTS\Binn\;C:\Program Files (x86)\dotnet\;C:\Program Files\Microsoft\Web Platform Installer\;C:\Users\kelvi\scoop\apps\android-clt\current\cmdline-tools\bin;C:\Users\kelvi\scoop\shims;C:\Program Files\Eclipse Foundation\jdk-8.0.302.8-hotspot\bin;C:\Program Files\Common Files\Oracle\Java\javapath;C:\Program Files (x86)\Common Files\Oracle\Java\javapath;C:\WINDOWS\system32;C:\WINDOWS;C:\WINDOWS\System32\Wbem;C:\WINDOWS\System32\WindowsPowerShell\v1.0\;C:\WINDOWS\System32\OpenSSH\;C:\Program Files\Git\cmd;C:\Program Files\dotnet\;C:\Program Files\Microsoft SQL Server\Client SDK\ODBC\170\Tools\Binn\;C:\Program Files\Microsoft SQL Server\Client SDK\ODBC\130\Tools\Binn\;C:\php;C:\P
USERNAME=kelvi
OS=Windows_NT
PROCESSOR_IDENTIFIER=Intel64 Family 6 Model 142 Stepping 11, GenuineIntel



---------------  S Y S T E M  ---------------

OS: Windows 10 , 64 bit Build 22621 (10.0.22621.436)
OS uptime: 1 days 12:13 hours
Hyper-V role detected

CPU:total 8 (initial active 8) (4 cores per cpu, 2 threads per core) family 6 model 142 stepping 11 microcode 0xde, cmov, cx8, fxsr, mmx, sse, sse2, sse3, ssse3, sse4.1, sse4.2, popcnt, avx, avx2, aes, clmul, erms, 3dnowpref, lzcnt, ht, tsc, tscinvbit, bmi1, bmi2, adx, fma

Memory: 4k page, system-wide physical 8013M (533M free)
TotalPageFile size 23155M (AvailPageFile size 0M)
current process WorkingSet (physical memory assigned to process): 276M, peak: 276M
current process commit charge ("private bytes"): 351M, peak: 351M

vm_info: OpenJDK 64-Bit Server VM (11.0.12+7-b1504.28-7817840) for windows-amd64 JRE (11.0.12+7-b1504.28-7817840), built on Oct 13 2021 22:12:33 by "builder" with MS VC++ 14.0 (VS2015)

END.
