#
# There is insufficient memory for the Java Runtime Environment to continue.
# Native memory allocation (malloc) failed to allocate 605696 bytes for Chunk::new
# Possible reasons:
#   The system is out of physical RAM or swap space
#   The process is running with CompressedOops enabled, and the Java Heap may be blocking the growth of the native heap
# Possible solutions:
#   Reduce memory load on the system
#   Increase physical memory or swap space
#   Check if swap backing store is full
#   Decrease Java heap size (-Xmx/-Xms)
#   Decrease number of Java threads
#   Decrease Java thread stack sizes (-Xss)
#   Set larger code cache with -XX:ReservedCodeCacheSize=
#   JVM is running with Unscaled Compressed Oops mode in which the Java heap is
#     placed in the first 4GB address space. The Java Heap base address is the
#     maximum limit for the native heap growth. Please use -XX:HeapBaseMinAddress
#     to set the Java Heap base and to place the Java Heap above 4GB virtual address.
# This output file may be truncated or incomplete.
#
#  Out of Memory Error (./src/hotspot/share/memory/arena.cpp:197), pid=24760, tid=20364
#
# JRE version: OpenJDK Runtime Environment (11.0.12+7) (build 11.0.12+7-b1504.28-7817840)
# Java VM: OpenJDK 64-Bit Server VM (11.0.12+7-b1504.28-7817840, mixed mode, tiered, compressed oops, g1 gc, windows-amd64)
# No core dump will be written. Minidumps are not enabled by default on client versions of Windows
#

---------------  S U M M A R Y ------------

Command Line: --add-opens=java.base/java.util=ALL-UNNAMED --add-opens=java.base/java.lang=ALL-UNNAMED --add-opens=java.base/java.lang.invoke=ALL-UNNAMED --add-opens=java.base/java.util=ALL-UNNAMED --add-opens=java.prefs/java.util.prefs=ALL-UNNAMED --add-opens=java.prefs/java.util.prefs=ALL-UNNAMED --add-opens=java.base/java.nio.charset=ALL-UNNAMED --add-opens=java.base/java.net=ALL-UNNAMED --add-opens=java.base/java.util.concurrent.atomic=ALL-UNNAMED -Xmx2048m -Dfile.encoding=UTF-8 -Duser.country=GB -Duser.language=en -Duser.variant org.gradle.launcher.daemon.bootstrap.GradleDaemon 7.3.3

Host: Intel(R) Core(TM) i5-8265U CPU @ 1.60GHz, 8 cores, 7G,  Windows 10 , 64 bit Build 22621 (10.0.22621.436)
Time: Thu Jul 28 11:41:04 2022 E. Africa Standard Time elapsed time: 21.037811 seconds (0d 0h 0m 21s)

---------------  T H R E A D  ---------------

Current thread (0x000001cc0f1f7800):  JavaThread "C2 CompilerThread0" daemon [_thread_in_native, id=20364, stack(0x0000006a89100000,0x0000006a89200000)]


Current CompileTask:
C2:  21037 5495       4       java.util.regex.Pattern::compile (498 bytes)

Stack: [0x0000006a89100000,0x0000006a89200000]
Native frames: (J=compiled Java code, j=interpreted, Vv=VM code, C=native code)
V  [jvm.dll+0x5fbcea]
V  [jvm.dll+0x731905]
V  [jvm.dll+0x732f1d]
V  [jvm.dll+0x7335d3]
V  [jvm.dll+0x247bf8]
V  [jvm.dll+0xc018c]
V  [jvm.dll+0xc06cc]
V  [jvm.dll+0x2bcc04]
V  [jvm.dll+0x5113a8]
V  [jvm.dll+0x208303]
V  [jvm.dll+0x201fe0]
V  [jvm.dll+0x1ff71f]
V  [jvm.dll+0x18868c]
V  [jvm.dll+0x20e0d7]
V  [jvm.dll+0x20c901]
V  [jvm.dll+0x6f9b7f]
V  [jvm.dll+0x6f26a5]
V  [jvm.dll+0x5fabf6]
C  [ucrtbase.dll+0x29363]
C  [KERNEL32.DLL+0x1244d]
C  [ntdll.dll+0x5df78]


---------------  P R O C E S S  ---------------

Threads class SMR info:
_java_thread_list=0x000001cc10e37c60, length=123, elements={
0x000001cc74d2f800, 0x000001cc0f1d4800, 0x000001cc0f1de000, 0x000001cc0f1f0000,
0x000001cc0f1f1000, 0x000001cc0f1f3000, 0x000001cc0f1f7800, 0x000001cc0f1fc800,
0x000001cc0f1fe000, 0x000001cc0fcd6000, 0x000001cc11efd800, 0x000001cc1061c000,
0x000001cc10927000, 0x000001cc121c5800, 0x000001cc11b1d800, 0x000001cc11338800,
0x000001cc127fe000, 0x000001cc11cac800, 0x000001cc11b34000, 0x000001cc11b35000,
0x000001cc11b35800, 0x000001cc11b36800, 0x000001cc11b33000, 0x000001cc11b30800,
0x000001cc11b37000, 0x000001cc11b31800, 0x000001cc11b32800, 0x000001cc15519800,
0x000001cc1551a000, 0x000001cc1551b000, 0x000001cc15518000, 0x000001cc15518800,
0x000001cc15517000, 0x000001cc15522800, 0x000001cc15521800, 0x000001cc15520800,
0x000001cc15523000, 0x000001cc1551d800, 0x000001cc15524000, 0x000001cc1551e800,
0x000001cc12b76000, 0x000001cc12b77800, 0x000001cc12b7a000, 0x000001cc12b74800,
0x000001cc12b78800, 0x000001cc12b77000, 0x000001cc12b79800, 0x000001cc12b7b000,
0x000001cc12b75800, 0x000001cc12b7d800, 0x000001cc12b80800, 0x000001cc12b81800,
0x000001cc12b7c000, 0x000001cc12b82800, 0x000001cc12b80000, 0x000001cc12b7c800,
0x000001cc12b83000, 0x000001cc12b7e800, 0x000001cc12b7f000, 0x000001cc10f70800,
0x000001cc10f70000, 0x000001cc10f71800, 0x000001cc10f6f000, 0x000001cc10f6c000,
0x000001cc10f72800, 0x000001cc10f6c800, 0x000001cc10f6d800, 0x000001cc10f6e000,
0x000001cc1600f000, 0x000001cc16010800, 0x000001cc1600c800, 0x000001cc1600e000,
0x000001cc16010000, 0x000001cc1600d800, 0x000001cc16014800, 0x000001cc16015800,
0x000001cc16016800, 0x000001cc16014000, 0x000001cc16017000, 0x000001cc16011800,
0x000001cc16018000, 0x000001cc16012000, 0x000001cc16019000, 0x000001cc16013000,
0x000001cc1601a800, 0x000001cc16019800, 0x000001cc1601b000, 0x000001cc15520000,
0x000001cc10946800, 0x000001cc10943800, 0x000001cc10942000, 0x000001cc10944000,
0x000001cc10942800, 0x000001cc10945000, 0x000001cc10941000, 0x000001cc10946000,
0x000001cc1094b800, 0x000001cc1094a800, 0x000001cc1094c800, 0x000001cc10949000,
0x000001cc1094a000, 0x000001cc1094d000, 0x000001cc10947800, 0x000001cc1094e000,
0x000001cc10948800, 0x000001cc1094f000, 0x000001cc1094f800, 0x000001cc12d83800,
0x000001cc12d84800, 0x000001cc12d82000, 0x000001cc12d80000, 0x000001cc12d85000,
0x000001cc12d81000, 0x000001cc12d86000, 0x000001cc12d86800, 0x000001cc12d87800,
0x000001cc12d88800, 0x000001cc12d82800, 0x000001cc12d8f000, 0x000001cc12d8b000,
0x000001cc12d8c800, 0x000001cc12d89000, 0x000001cc12d8a000
}

Java Threads: ( => current thread )
  0x000001cc74d2f800 JavaThread "main" [_thread_blocked, id=17684, stack(0x0000006a88500000,0x0000006a88600000)]
  0x000001cc0f1d4800 JavaThread "Reference Handler" daemon [_thread_blocked, id=10652, stack(0x0000006a88c00000,0x0000006a88d00000)]
  0x000001cc0f1de000 JavaThread "Finalizer" daemon [_thread_blocked, id=24660, stack(0x0000006a88d00000,0x0000006a88e00000)]
  0x000001cc0f1f0000 JavaThread "Signal Dispatcher" daemon [_thread_blocked, id=24736, stack(0x0000006a88e00000,0x0000006a88f00000)]
  0x000001cc0f1f1000 JavaThread "Attach Listener" daemon [_thread_blocked, id=6084, stack(0x0000006a88f00000,0x0000006a89000000)]
  0x000001cc0f1f3000 JavaThread "Service Thread" daemon [_thread_blocked, id=25120, stack(0x0000006a89000000,0x0000006a89100000)]
=>0x000001cc0f1f7800 JavaThread "C2 CompilerThread0" daemon [_thread_in_native, id=20364, stack(0x0000006a89100000,0x0000006a89200000)]
  0x000001cc0f1fc800 JavaThread "C1 CompilerThread0" daemon [_thread_in_vm, id=1228, stack(0x0000006a89200000,0x0000006a89300000)]
  0x000001cc0f1fe000 JavaThread "Sweeper thread" daemon [_thread_blocked, id=16804, stack(0x0000006a89300000,0x0000006a89400000)]
  0x000001cc0fcd6000 JavaThread "Common-Cleaner" daemon [_thread_blocked, id=16724, stack(0x0000006a89400000,0x0000006a89500000)]
  0x000001cc11efd800 JavaThread "Daemon health stats" [_thread_blocked, id=9788, stack(0x0000006a89a00000,0x0000006a89b00000)]
  0x000001cc1061c000 JavaThread "Incoming local TCP Connector on port 50543" [_thread_in_native, id=24644, stack(0x0000006a89600000,0x0000006a89700000)]
  0x000001cc10927000 JavaThread "Daemon periodic checks" [_thread_blocked, id=24108, stack(0x0000006a89900000,0x0000006a89a00000)]
  0x000001cc121c5800 JavaThread "Daemon" [_thread_blocked, id=10156, stack(0x0000006a89b00000,0x0000006a89c00000)]
  0x000001cc11b1d800 JavaThread "Handler for socket connection from /127.0.0.1:50543 to /127.0.0.1:50544" [_thread_in_native, id=25572, stack(0x0000006a89c00000,0x0000006a89d00000)]
  0x000001cc11338800 JavaThread "Cancel handler" [_thread_blocked, id=2300, stack(0x0000006a8a200000,0x0000006a8a300000)]
  0x000001cc127fe000 JavaThread "Daemon worker" [_thread_in_vm, id=9864, stack(0x0000006a8a300000,0x0000006a8a400000)]
  0x000001cc11cac800 JavaThread "Asynchronous log dispatcher for DefaultDaemonConnection: socket connection from /127.0.0.1:50543 to /127.0.0.1:50544" [_thread_blocked, id=20984, stack(0x0000006a8a400000,0x0000006a8a500000)]
  0x000001cc11b34000 JavaThread "Stdin handler" [_thread_blocked, id=24792, stack(0x0000006a8a500000,0x0000006a8a600000)]
  0x000001cc11b35000 JavaThread "Daemon client event forwarder" [_thread_blocked, id=21936, stack(0x0000006a8a600000,0x0000006a8a700000)]
  0x000001cc11b35800 JavaThread "Cache worker for journal cache (C:\Users\kelvi\.gradle\caches\journal-1)" [_thread_blocked, id=20540, stack(0x0000006a8a700000,0x0000006a8a800000)]
  0x000001cc11b36800 JavaThread "File lock request listener" [_thread_in_native, id=22588, stack(0x0000006a8a800000,0x0000006a8a900000)]
  0x000001cc11b33000 JavaThread "Cache worker for file hash cache (C:\Users\kelvi\.gradle\caches\7.3.3\fileHashes)" [_thread_blocked, id=25568, stack(0x0000006a8a900000,0x0000006a8aa00000)]
  0x000001cc11b30800 JavaThread "Cache worker for file hash cache (C:\Users\kelvi\AndroidStudioProjects\Kotlin\Mobile\Projects\CRM\.gradle\7.3.3\fileHashes)" [_thread_blocked, id=17556, stack(0x0000006a8ac00000,0x0000006a8ad00000)]
  0x000001cc11b37000 JavaThread "File watcher server" daemon [_thread_in_native, id=18240, stack(0x0000006a8ad00000,0x0000006a8ae00000)]
  0x000001cc11b31800 JavaThread "File watcher consumer" daemon [_thread_blocked, id=11112, stack(0x0000006a8ae00000,0x0000006a8af00000)]
  0x000001cc11b32800 JavaThread "Cache worker for checksums cache (C:\Users\kelvi\AndroidStudioProjects\Kotlin\Mobile\Projects\CRM\.gradle\7.3.3\checksums)" [_thread_blocked, id=19344, stack(0x0000006a8af00000,0x0000006a8b000000)]
  0x000001cc15519800 JavaThread "Cache worker for cache directory md-supplier (C:\Users\kelvi\.gradle\caches\7.3.3\md-supplier)" [_thread_blocked, id=14792, stack(0x0000006a8b000000,0x0000006a8b100000)]
  0x000001cc1551a000 JavaThread "Cache worker for cache directory md-rule (C:\Users\kelvi\.gradle\caches\7.3.3\md-rule)" [_thread_blocked, id=11272, stack(0x0000006a8b100000,0x0000006a8b200000)]
  0x000001cc1551b000 JavaThread "Cache worker for execution history cache (C:\Users\kelvi\.gradle\caches\7.3.3\executionHistory)" [_thread_blocked, id=18780, stack(0x0000006a8b200000,0x0000006a8b300000)]
  0x000001cc15518000 JavaThread "jar transforms" [_thread_blocked, id=23256, stack(0x0000006a8b400000,0x0000006a8b500000)]
  0x000001cc15518800 JavaThread "Cache worker for file content cache (C:\Users\kelvi\.gradle\caches\7.3.3\fileContent)" [_thread_blocked, id=19096, stack(0x0000006a8b500000,0x0000006a8b600000)]
  0x000001cc15517000 JavaThread "jar transforms Thread 2" [_thread_blocked, id=24860, stack(0x0000006a8b600000,0x0000006a8b700000)]
  0x000001cc15522800 JavaThread "Cache worker for dependencies-accessors (C:\Users\kelvi\AndroidStudioProjects\Kotlin\Mobile\Projects\CRM\.gradle\7.3.3\dependencies-accessors)" [_thread_blocked, id=25584, stack(0x0000006a8b700000,0x0000006a8b800000)]
  0x000001cc15521800 JavaThread "jar transforms Thread 3" [_thread_blocked, id=24504, stack(0x0000006a8b300000,0x0000006a8b400000)]
  0x000001cc15520800 JavaThread "Cache worker for Build Output Cleanup Cache (C:\Users\kelvi\AndroidStudioProjects\Kotlin\Mobile\Projects\CRM\.gradle\buildOutputCleanup)" [_thread_blocked, id=12848, stack(0x0000006a8ab00000,0x0000006a8ac00000)]
  0x000001cc15523000 JavaThread "Unconstrained build operations" [_thread_blocked, id=19784, stack(0x0000006a8ba00000,0x0000006a8bb00000)]
  0x000001cc1551d800 JavaThread "Unconstrained build operations Thread 2" [_thread_blocked, id=12888, stack(0x0000006a8bb00000,0x0000006a8bc00000)]
  0x000001cc15524000 JavaThread "Unconstrained build operations Thread 3" [_thread_blocked, id=24460, stack(0x0000006a8bc00000,0x0000006a8bd00000)]
  0x000001cc1551e800 JavaThread "Unconstrained build operations Thread 4" [_thread_blocked, id=24648, stack(0x0000006a8bd00000,0x0000006a8be00000)]
  0x000001cc12b76000 JavaThread "Unconstrained build operations Thread 5" [_thread_blocked, id=24000, stack(0x0000006a8be00000,0x0000006a8bf00000)]
  0x000001cc12b77800 JavaThread "Unconstrained build operations Thread 6" [_thread_blocked, id=23800, stack(0x0000006a8bf00000,0x0000006a8c000000)]
  0x000001cc12b7a000 JavaThread "Unconstrained build operations Thread 7" [_thread_blocked, id=13036, stack(0x0000006a8c000000,0x0000006a8c100000)]
  0x000001cc12b74800 JavaThread "Unconstrained build operations Thread 8" [_thread_blocked, id=24128, stack(0x0000006a8c100000,0x0000006a8c200000)]
  0x000001cc12b78800 JavaThread "Unconstrained build operations Thread 9" [_thread_blocked, id=24228, stack(0x0000006a8c200000,0x0000006a8c300000)]
  0x000001cc12b77000 JavaThread "Unconstrained build operations Thread 10" [_thread_blocked, id=8064, stack(0x0000006a8c300000,0x0000006a8c400000)]
  0x000001cc12b79800 JavaThread "Unconstrained build operations Thread 11" [_thread_blocked, id=8396, stack(0x0000006a8c400000,0x0000006a8c500000)]
  0x000001cc12b7b000 JavaThread "Unconstrained build operations Thread 12" [_thread_blocked, id=22180, stack(0x0000006a8c500000,0x0000006a8c600000)]
  0x000001cc12b75800 JavaThread "Unconstrained build operations Thread 13" [_thread_blocked, id=5320, stack(0x0000006a8c600000,0x0000006a8c700000)]
  0x000001cc12b7d800 JavaThread "Unconstrained build operations Thread 14" [_thread_blocked, id=25260, stack(0x0000006a8c700000,0x0000006a8c800000)]
  0x000001cc12b80800 JavaThread "Unconstrained build operations Thread 15" [_thread_blocked, id=12252, stack(0x0000006a8c800000,0x0000006a8c900000)]
  0x000001cc12b81800 JavaThread "Unconstrained build operations Thread 16" [_thread_blocked, id=25084, stack(0x0000006a8c900000,0x0000006a8ca00000)]
  0x000001cc12b7c000 JavaThread "Unconstrained build operations Thread 17" [_thread_blocked, id=19204, stack(0x0000006a8ca00000,0x0000006a8cb00000)]
  0x000001cc12b82800 JavaThread "Unconstrained build operations Thread 18" [_thread_blocked, id=6592, stack(0x0000006a8cb00000,0x0000006a8cc00000)]
  0x000001cc12b80000 JavaThread "Unconstrained build operations Thread 19" [_thread_blocked, id=22376, stack(0x0000006a8cc00000,0x0000006a8cd00000)]
  0x000001cc12b7c800 JavaThread "Unconstrained build operations Thread 20" [_thread_blocked, id=20300, stack(0x0000006a8cd00000,0x0000006a8ce00000)]
  0x000001cc12b83000 JavaThread "Unconstrained build operations Thread 21" [_thread_blocked, id=24496, stack(0x0000006a8ce00000,0x0000006a8cf00000)]
  0x000001cc12b7e800 JavaThread "Unconstrained build operations Thread 22" [_thread_blocked, id=21416, stack(0x0000006a8cf00000,0x0000006a8d000000)]
  0x000001cc12b7f000 JavaThread "Unconstrained build operations Thread 23" [_thread_blocked, id=24620, stack(0x0000006a8d000000,0x0000006a8d100000)]
  0x000001cc10f70800 JavaThread "Unconstrained build operations Thread 24" [_thread_blocked, id=24436, stack(0x0000006a8d100000,0x0000006a8d200000)]
  0x000001cc10f70000 JavaThread "Unconstrained build operations Thread 25" [_thread_blocked, id=19440, stack(0x0000006a8d200000,0x0000006a8d300000)]
  0x000001cc10f71800 JavaThread "Unconstrained build operations Thread 26" [_thread_blocked, id=24056, stack(0x0000006a8d300000,0x0000006a8d400000)]
  0x000001cc10f6f000 JavaThread "Unconstrained build operations Thread 27" [_thread_blocked, id=21900, stack(0x0000006a8d400000,0x0000006a8d500000)]
  0x000001cc10f6c000 JavaThread "Unconstrained build operations Thread 28" [_thread_blocked, id=10120, stack(0x0000006a8d500000,0x0000006a8d600000)]
  0x000001cc10f72800 JavaThread "Unconstrained build operations Thread 29" [_thread_blocked, id=21688, stack(0x0000006a8d600000,0x0000006a8d700000)]
  0x000001cc10f6c800 JavaThread "Unconstrained build operations Thread 30" [_thread_blocked, id=14672, stack(0x0000006a8d700000,0x0000006a8d800000)]
  0x000001cc10f6d800 JavaThread "Unconstrained build operations Thread 31" [_thread_blocked, id=20116, stack(0x0000006a8d800000,0x0000006a8d900000)]
  0x000001cc10f6e000 JavaThread "Unconstrained build operations Thread 32" [_thread_blocked, id=17956, stack(0x0000006a8d900000,0x0000006a8da00000)]
  0x000001cc1600f000 JavaThread "Unconstrained build operations Thread 33" [_thread_blocked, id=8292, stack(0x0000006a8da00000,0x0000006a8db00000)]
  0x000001cc16010800 JavaThread "Unconstrained build operations Thread 34" [_thread_blocked, id=20908, stack(0x0000006a8b900000,0x0000006a8ba00000)]
  0x000001cc1600c800 JavaThread "Unconstrained build operations Thread 35" [_thread_blocked, id=20488, stack(0x0000006a8db00000,0x0000006a8dc00000)]
  0x000001cc1600e000 JavaThread "Unconstrained build operations Thread 36" [_thread_blocked, id=24800, stack(0x0000006a8dc00000,0x0000006a8dd00000)]
  0x000001cc16010000 JavaThread "Unconstrained build operations Thread 37" [_thread_blocked, id=8844, stack(0x0000006a8dd00000,0x0000006a8de00000)]
  0x000001cc1600d800 JavaThread "Unconstrained build operations Thread 38" [_thread_blocked, id=24908, stack(0x0000006a8de00000,0x0000006a8df00000)]
  0x000001cc16014800 JavaThread "Unconstrained build operations Thread 39" [_thread_blocked, id=25544, stack(0x0000006a8df00000,0x0000006a8e000000)]
  0x000001cc16015800 JavaThread "Unconstrained build operations Thread 40" [_thread_blocked, id=1200, stack(0x0000006a8e000000,0x0000006a8e100000)]
  0x000001cc16016800 JavaThread "Unconstrained build operations Thread 41" [_thread_blocked, id=11104, stack(0x0000006a8e100000,0x0000006a8e200000)]
  0x000001cc16014000 JavaThread "Unconstrained build operations Thread 42" [_thread_blocked, id=9328, stack(0x0000006a8e200000,0x0000006a8e300000)]
  0x000001cc16017000 JavaThread "Unconstrained build operations Thread 43" [_thread_blocked, id=13060, stack(0x0000006a8e300000,0x0000006a8e400000)]
  0x000001cc16011800 JavaThread "Unconstrained build operations Thread 44" [_thread_blocked, id=18404, stack(0x0000006a8e400000,0x0000006a8e500000)]
  0x000001cc16018000 JavaThread "Unconstrained build operations Thread 45" [_thread_blocked, id=23316, stack(0x0000006a8e500000,0x0000006a8e600000)]
  0x000001cc16012000 JavaThread "Unconstrained build operations Thread 46" [_thread_blocked, id=23896, stack(0x0000006a8e600000,0x0000006a8e700000)]
  0x000001cc16019000 JavaThread "Unconstrained build operations Thread 47" [_thread_blocked, id=17472, stack(0x0000006a8e700000,0x0000006a8e800000)]
  0x000001cc16013000 JavaThread "Unconstrained build operations Thread 48" [_thread_blocked, id=25152, stack(0x0000006a8e800000,0x0000006a8e900000)]
  0x000001cc1601a800 JavaThread "Unconstrained build operations Thread 49" [_thread_blocked, id=23688, stack(0x0000006a8e900000,0x0000006a8ea00000)]
  0x000001cc16019800 JavaThread "Unconstrained build operations Thread 50" [_thread_blocked, id=24240, stack(0x0000006a8ea00000,0x0000006a8eb00000)]
  0x000001cc1601b000 JavaThread "Unconstrained build operations Thread 51" [_thread_blocked, id=13056, stack(0x0000006a8eb00000,0x0000006a8ec00000)]
  0x000001cc15520000 JavaThread "Unconstrained build operations Thread 52" [_thread_blocked, id=10112, stack(0x0000006a8ec00000,0x0000006a8ed00000)]
  0x000001cc10946800 JavaThread "Unconstrained build operations Thread 53" [_thread_blocked, id=13876, stack(0x0000006a8ed00000,0x0000006a8ee00000)]
  0x000001cc10943800 JavaThread "Unconstrained build operations Thread 54" [_thread_blocked, id=25180, stack(0x0000006a8ee00000,0x0000006a8ef00000)]
  0x000001cc10942000 JavaThread "Unconstrained build operations Thread 55" [_thread_blocked, id=23892, stack(0x0000006a8ef00000,0x0000006a8f000000)]
  0x000001cc10944000 JavaThread "Unconstrained build operations Thread 56" [_thread_blocked, id=13168, stack(0x0000006a8f000000,0x0000006a8f100000)]
  0x000001cc10942800 JavaThread "Unconstrained build operations Thread 57" [_thread_blocked, id=23004, stack(0x0000006a8f100000,0x0000006a8f200000)]
  0x000001cc10945000 JavaThread "Unconstrained build operations Thread 58" [_thread_blocked, id=2544, stack(0x0000006a8f200000,0x0000006a8f300000)]
  0x000001cc10941000 JavaThread "Unconstrained build operations Thread 59" [_thread_blocked, id=25508, stack(0x0000006a8f300000,0x0000006a8f400000)]
  0x000001cc10946000 JavaThread "Unconstrained build operations Thread 60" [_thread_blocked, id=19880, stack(0x0000006a8f400000,0x0000006a8f500000)]
  0x000001cc1094b800 JavaThread "Unconstrained build operations Thread 61" [_thread_blocked, id=18128, stack(0x0000006a8f500000,0x0000006a8f600000)]
  0x000001cc1094a800 JavaThread "Unconstrained build operations Thread 62" [_thread_blocked, id=21604, stack(0x0000006a8f600000,0x0000006a8f700000)]
  0x000001cc1094c800 JavaThread "Unconstrained build operations Thread 63" [_thread_blocked, id=17052, stack(0x0000006a8f700000,0x0000006a8f800000)]
  0x000001cc10949000 JavaThread "Unconstrained build operations Thread 64" [_thread_blocked, id=19216, stack(0x0000006a8f800000,0x0000006a8f900000)]
  0x000001cc1094a000 JavaThread "Unconstrained build operations Thread 65" [_thread_blocked, id=12872, stack(0x0000006a8f900000,0x0000006a8fa00000)]
  0x000001cc1094d000 JavaThread "Unconstrained build operations Thread 66" [_thread_blocked, id=17168, stack(0x0000006a8fa00000,0x0000006a8fb00000)]
  0x000001cc10947800 JavaThread "Unconstrained build operations Thread 67" [_thread_blocked, id=12528, stack(0x0000006a8fb00000,0x0000006a8fc00000)]
  0x000001cc1094e000 JavaThread "Unconstrained build operations Thread 68" [_thread_blocked, id=14668, stack(0x0000006a8fc00000,0x0000006a8fd00000)]
  0x000001cc10948800 JavaThread "Unconstrained build operations Thread 69" [_thread_blocked, id=8896, stack(0x0000006a8fd00000,0x0000006a8fe00000)]
  0x000001cc1094f000 JavaThread "Unconstrained build operations Thread 70" [_thread_blocked, id=17448, stack(0x0000006a8fe00000,0x0000006a8ff00000)]
  0x000001cc1094f800 JavaThread "Unconstrained build operations Thread 71" [_thread_blocked, id=21752, stack(0x0000006a8ff00000,0x0000006a90000000)]
  0x000001cc12d83800 JavaThread "Unconstrained build operations Thread 72" [_thread_blocked, id=6588, stack(0x0000006a90000000,0x0000006a90100000)]
  0x000001cc12d84800 JavaThread "Unconstrained build operations Thread 73" [_thread_blocked, id=6224, stack(0x0000006a90100000,0x0000006a90200000)]
  0x000001cc12d82000 JavaThread "Unconstrained build operations Thread 74" [_thread_blocked, id=25444, stack(0x0000006a90200000,0x0000006a90300000)]
  0x000001cc12d80000 JavaThread "Unconstrained build operations Thread 75" [_thread_blocked, id=20820, stack(0x0000006a90300000,0x0000006a90400000)]
  0x000001cc12d85000 JavaThread "Unconstrained build operations Thread 76" [_thread_blocked, id=25440, stack(0x0000006a90400000,0x0000006a90500000)]
  0x000001cc12d81000 JavaThread "Unconstrained build operations Thread 77" [_thread_blocked, id=25388, stack(0x0000006a90500000,0x0000006a90600000)]
  0x000001cc12d86000 JavaThread "Unconstrained build operations Thread 78" [_thread_blocked, id=17964, stack(0x0000006a90600000,0x0000006a90700000)]
  0x000001cc12d86800 JavaThread "Unconstrained build operations Thread 79" [_thread_blocked, id=24692, stack(0x0000006a90700000,0x0000006a90800000)]
  0x000001cc12d87800 JavaThread "Unconstrained build operations Thread 80" [_thread_blocked, id=17572, stack(0x0000006a90800000,0x0000006a90900000)]
  0x000001cc12d88800 JavaThread "jar transforms Thread 4" [_thread_blocked, id=18836, stack(0x0000006a8b800000,0x0000006a8b900000)]
  0x000001cc12d82800 JavaThread "jar transforms Thread 5" [_thread_blocked, id=11224, stack(0x0000006a90900000,0x0000006a90a00000)]
  0x000001cc12d8f000 JavaThread "jar transforms Thread 6" [_thread_blocked, id=18392, stack(0x0000006a90a00000,0x0000006a90b00000)]
  0x000001cc12d8b000 JavaThread "jar transforms Thread 7" [_thread_blocked, id=24992, stack(0x0000006a90b00000,0x0000006a90c00000)]
  0x000001cc12d8c800 JavaThread "jar transforms Thread 8" [_thread_blocked, id=24140, stack(0x0000006a90c00000,0x0000006a90d00000)]
  0x000001cc12d89000 JavaThread "C2 CompilerThread1" daemon [_thread_in_native, id=23196, stack(0x0000006a90d00000,0x0000006a90e00000)]
  0x000001cc12d8a000 JavaThread "C2 CompilerThread2" daemon [_thread_in_native, id=23848, stack(0x0000006a90e00000,0x0000006a90f00000)]

Other Threads:
  0x000001cc0f1d2800 VMThread "VM Thread" [stack: 0x0000006a88b00000,0x0000006a88c00000] [id=19008]
  0x000001cc0fcdc000 WatcherThread [stack: 0x0000006a89500000,0x0000006a89600000] [id=5368]
  0x000001cc74d46800 GCTaskThread "GC Thread#0" [stack: 0x0000006a88600000,0x0000006a88700000] [id=22020]
  0x000001cc10973000 GCTaskThread "GC Thread#1" [stack: 0x0000006a89700000,0x0000006a89800000] [id=23432]
  0x000001cc10977800 GCTaskThread "GC Thread#2" [stack: 0x0000006a89800000,0x0000006a89900000] [id=21220]
  0x000001cc120b2800 GCTaskThread "GC Thread#3" [stack: 0x0000006a89d00000,0x0000006a89e00000] [id=25484]
  0x000001cc11a77000 GCTaskThread "GC Thread#4" [stack: 0x0000006a89e00000,0x0000006a89f00000] [id=17244]
  0x000001cc12bb6800 GCTaskThread "GC Thread#5" [stack: 0x0000006a89f00000,0x0000006a8a000000] [id=23128]
  0x000001cc11b2f000 GCTaskThread "GC Thread#6" [stack: 0x0000006a8a000000,0x0000006a8a100000] [id=24924]
  0x000001cc11b2c800 GCTaskThread "GC Thread#7" [stack: 0x0000006a8a100000,0x0000006a8a200000] [id=18924]
  0x000001cc74d78800 ConcurrentGCThread "G1 Main Marker" [stack: 0x0000006a88700000,0x0000006a88800000] [id=23144]
  0x000001cc74d7b000 ConcurrentGCThread "G1 Conc#0" [stack: 0x0000006a88800000,0x0000006a88900000] [id=21320]
  0x000001cc11b2b800 ConcurrentGCThread "G1 Conc#1" [stack: 0x0000006a8aa00000,0x0000006a8ab00000] [id=24588]
  0x000001cc0f020800 ConcurrentGCThread "G1 Refine#0" [stack: 0x0000006a88900000,0x0000006a88a00000] [id=22256]
  0x000001cc74dfe000 ConcurrentGCThread "G1 Young RemSet Sampling" [stack: 0x0000006a88a00000,0x0000006a88b00000] [id=24356]

Threads with active compile tasks:
C2 CompilerThread0  21114 5495       4       java.util.regex.Pattern::compile (498 bytes)
C2 CompilerThread1  21114 5555 % !   4       java.util.jar.Attributes::read @ 186 (390 bytes)
C2 CompilerThread2  21114 5554       4       java.lang.StringLatin1::toUpperCase (180 bytes)

VM state:not at safepoint (normal execution)

VM Mutex/Monitor currently owned by a thread: None

Heap address: 0x0000000080000000, size: 2048 MB, Compressed Oops mode: 32-bit
Narrow klass base: 0x0000000000000000, Narrow klass shift: 3
Compressed class space size: 1073741824 Address: 0x0000000100000000

Heap:
 garbage-first heap   total 155648K, used 83476K [0x0000000080000000, 0x0000000100000000)
  region size 1024K, 50 young (51200K), 7 survivors (7168K)
 Metaspace       used 49486K, capacity 51066K, committed 51328K, reserved 1093632K
  class space    used 6338K, capacity 6939K, committed 7040K, reserved 1048576K
Heap Regions: E=young(eden), S=young(survivor), O=old, HS=humongous(starts), HC=humongous(continues), CS=collection set, F=free, A=archive, TAMS=top-at-mark-start (previous, next)
|   0|0x0000000080000000, 0x0000000080100000, 0x0000000080100000|100%| O|  |TAMS 0x0000000080100000, 0x0000000080000000| Untracked 
|   1|0x0000000080100000, 0x0000000080200000, 0x0000000080200000|100%| O|  |TAMS 0x0000000080200000, 0x0000000080100000| Untracked 
|   2|0x0000000080200000, 0x0000000080300000, 0x0000000080300000|100%| O|  |TAMS 0x0000000080300000, 0x0000000080200000| Untracked 
|   3|0x0000000080300000, 0x0000000080400000, 0x0000000080400000|100%|HS|  |TAMS 0x0000000080400000, 0x0000000080300000| Complete 
|   4|0x0000000080400000, 0x0000000080500000, 0x0000000080500000|100%|HC|  |TAMS 0x0000000080500000, 0x0000000080400000| Complete 
|   5|0x0000000080500000, 0x0000000080600000, 0x0000000080600000|100%|HC|  |TAMS 0x0000000080600000, 0x0000000080500000| Complete 
|   6|0x0000000080600000, 0x0000000080700000, 0x0000000080700000|100%| O|  |TAMS 0x0000000080700000, 0x0000000080600000| Untracked 
|   7|0x0000000080700000, 0x0000000080800000, 0x0000000080800000|100%| O|  |TAMS 0x0000000080800000, 0x0000000080700000| Untracked 
|   8|0x0000000080800000, 0x0000000080900000, 0x0000000080900000|100%| O|  |TAMS 0x0000000080900000, 0x0000000080800000| Untracked 
|   9|0x0000000080900000, 0x0000000080a00000, 0x0000000080a00000|100%| O|  |TAMS 0x0000000080a00000, 0x0000000080900000| Untracked 
|  10|0x0000000080a00000, 0x0000000080b00000, 0x0000000080b00000|100%| O|  |TAMS 0x0000000080b00000, 0x0000000080a00000| Untracked 
|  11|0x0000000080b00000, 0x0000000080c00000, 0x0000000080c00000|100%| O|  |TAMS 0x0000000080c00000, 0x0000000080b00000| Untracked 
|  12|0x0000000080c00000, 0x0000000080d00000, 0x0000000080d00000|100%| O|  |TAMS 0x0000000080d00000, 0x0000000080c00000| Untracked 
|  13|0x0000000080d00000, 0x0000000080e00000, 0x0000000080e00000|100%| O|  |TAMS 0x0000000080e00000, 0x0000000080d00000| Untracked 
|  14|0x0000000080e00000, 0x0000000080f00000, 0x0000000080f00000|100%| O|  |TAMS 0x0000000080f00000, 0x0000000080e00000| Untracked 
|  15|0x0000000080f00000, 0x0000000081000000, 0x0000000081000000|100%| O|  |TAMS 0x0000000081000000, 0x0000000080f00000| Untracked 
|  16|0x0000000081000000, 0x0000000081100000, 0x0000000081100000|100%| O|  |TAMS 0x00000000810a3000, 0x0000000081000000| Untracked 
|  17|0x0000000081100000, 0x0000000081200000, 0x0000000081200000|100%|HS|  |TAMS 0x0000000081100000, 0x0000000081100000| Complete 
|  18|0x0000000081200000, 0x0000000081300000, 0x0000000081300000|100%| O|  |TAMS 0x0000000081200000, 0x0000000081200000| Untracked 
|  19|0x0000000081300000, 0x0000000081400000, 0x0000000081400000|100%| O|  |TAMS 0x0000000081300000, 0x0000000081300000| Untracked 
|  20|0x0000000081400000, 0x0000000081500000, 0x0000000081500000|100%| O|  |TAMS 0x0000000081400000, 0x0000000081400000| Untracked 
|  21|0x0000000081500000, 0x0000000081600000, 0x0000000081600000|100%| O|  |TAMS 0x0000000081500000, 0x0000000081500000| Untracked 
|  22|0x0000000081600000, 0x0000000081700000, 0x0000000081700000|100%| O|  |TAMS 0x0000000081600000, 0x0000000081600000| Untracked 
|  23|0x0000000081700000, 0x0000000081800000, 0x0000000081800000|100%| O|  |TAMS 0x0000000081700000, 0x0000000081700000| Untracked 
|  24|0x0000000081800000, 0x0000000081900000, 0x0000000081900000|100%| O|  |TAMS 0x0000000081800000, 0x0000000081800000| Untracked 
|  25|0x0000000081900000, 0x0000000081a00000, 0x0000000081a00000|100%| O|  |TAMS 0x0000000081900000, 0x0000000081900000| Untracked 
|  26|0x0000000081a00000, 0x0000000081b00000, 0x0000000081b00000|100%| O|  |TAMS 0x0000000081a00000, 0x0000000081a00000| Untracked 
|  27|0x0000000081b00000, 0x0000000081b14600, 0x0000000081c00000|  7%| O|  |TAMS 0x0000000081b00000, 0x0000000081b00000| Untracked 
|  28|0x0000000081c00000, 0x0000000081d00000, 0x0000000081d00000|100%|HS|  |TAMS 0x0000000081c00000, 0x0000000081c00000| Complete 
|  29|0x0000000081d00000, 0x0000000081e00000, 0x0000000081e00000|100%|HS|  |TAMS 0x0000000081d00000, 0x0000000081d00000| Complete 
|  30|0x0000000081e00000, 0x0000000081f00000, 0x0000000081f00000|100%|HS|  |TAMS 0x0000000081e00000, 0x0000000081e00000| Complete 
|  31|0x0000000081f00000, 0x0000000082000000, 0x0000000082000000|100%|HC|  |TAMS 0x0000000081f00000, 0x0000000081f00000| Complete 
|  32|0x0000000082000000, 0x0000000082100000, 0x0000000082100000|100%|HC|  |TAMS 0x0000000082000000, 0x0000000082000000| Complete 
|  33|0x0000000082100000, 0x0000000082200000, 0x0000000082200000|100%|HS|  |TAMS 0x0000000082100000, 0x0000000082100000| Complete 
|  34|0x0000000082200000, 0x0000000082300000, 0x0000000082300000|100%|HC|  |TAMS 0x0000000082200000, 0x0000000082200000| Complete 
|  35|0x0000000082300000, 0x0000000082300000, 0x0000000082400000|  0%| F|  |TAMS 0x0000000082300000, 0x0000000082300000| Untracked 
|  36|0x0000000082400000, 0x0000000082400000, 0x0000000082500000|  0%| F|  |TAMS 0x0000000082400000, 0x0000000082400000| Untracked 
|  37|0x0000000082500000, 0x0000000082500000, 0x0000000082600000|  0%| F|  |TAMS 0x0000000082500000, 0x0000000082500000| Untracked 
|  38|0x0000000082600000, 0x0000000082600000, 0x0000000082700000|  0%| F|  |TAMS 0x0000000082600000, 0x0000000082600000| Untracked 
|  39|0x0000000082700000, 0x0000000082700000, 0x0000000082800000|  0%| F|  |TAMS 0x0000000082700000, 0x0000000082700000| Untracked 
|  40|0x0000000082800000, 0x0000000082800000, 0x0000000082900000|  0%| F|  |TAMS 0x0000000082800000, 0x0000000082800000| Untracked 
|  41|0x0000000082900000, 0x0000000082900000, 0x0000000082a00000|  0%| F|  |TAMS 0x0000000082900000, 0x0000000082900000| Untracked 
|  42|0x0000000082a00000, 0x0000000082a00000, 0x0000000082b00000|  0%| F|  |TAMS 0x0000000082a00000, 0x0000000082a00000| Untracked 
|  43|0x0000000082b00000, 0x0000000082b00000, 0x0000000082c00000|  0%| F|  |TAMS 0x0000000082b00000, 0x0000000082b00000| Untracked 
|  44|0x0000000082c00000, 0x0000000082c00000, 0x0000000082d00000|  0%| F|  |TAMS 0x0000000082c00000, 0x0000000082c00000| Untracked 
|  45|0x0000000082d00000, 0x0000000082d00000, 0x0000000082e00000|  0%| F|  |TAMS 0x0000000082d00000, 0x0000000082d00000| Untracked 
|  46|0x0000000082e00000, 0x0000000082e00000, 0x0000000082f00000|  0%| F|  |TAMS 0x0000000082e00000, 0x0000000082e00000| Untracked 
|  47|0x0000000082f00000, 0x0000000082f00000, 0x0000000083000000|  0%| F|  |TAMS 0x0000000082f00000, 0x0000000082f00000| Untracked 
|  48|0x0000000083000000, 0x0000000083000000, 0x0000000083100000|  0%| F|  |TAMS 0x0000000083000000, 0x0000000083000000| Untracked 
|  49|0x0000000083100000, 0x0000000083100000, 0x0000000083200000|  0%| F|  |TAMS 0x0000000083100000, 0x0000000083100000| Untracked 
|  50|0x0000000083200000, 0x0000000083200000, 0x0000000083300000|  0%| F|  |TAMS 0x0000000083200000, 0x0000000083200000| Untracked 
|  51|0x0000000083300000, 0x0000000083300000, 0x0000000083400000|  0%| F|  |TAMS 0x0000000083300000, 0x0000000083300000| Untracked 
|  52|0x0000000083400000, 0x0000000083400000, 0x0000000083500000|  0%| F|  |TAMS 0x0000000083400000, 0x0000000083400000| Untracked 
|  53|0x0000000083500000, 0x0000000083500000, 0x0000000083600000|  0%| F|  |TAMS 0x0000000083500000, 0x0000000083500000| Untracked 
|  54|0x0000000083600000, 0x0000000083600000, 0x0000000083700000|  0%| F|  |TAMS 0x0000000083600000, 0x0000000083600000| Untracked 
|  55|0x0000000083700000, 0x0000000083770ca0, 0x0000000083800000| 44%| S|CS|TAMS 0x0000000083700000, 0x0000000083700000| Complete 
|  56|0x0000000083800000, 0x0000000083900000, 0x0000000083900000|100%| S|CS|TAMS 0x0000000083800000, 0x0000000083800000| Complete 
|  57|0x0000000083900000, 0x0000000083a00000, 0x0000000083a00000|100%| S|CS|TAMS 0x0000000083900000, 0x0000000083900000| Complete 
|  58|0x0000000083a00000, 0x0000000083b00000, 0x0000000083b00000|100%| S|CS|TAMS 0x0000000083a00000, 0x0000000083a00000| Complete 
|  59|0x0000000083b00000, 0x0000000083c00000, 0x0000000083c00000|100%| S|CS|TAMS 0x0000000083b00000, 0x0000000083b00000| Complete 
|  60|0x0000000083c00000, 0x0000000083d00000, 0x0000000083d00000|100%| S|CS|TAMS 0x0000000083c00000, 0x0000000083c00000| Complete 
|  61|0x0000000083d00000, 0x0000000083e00000, 0x0000000083e00000|100%| S|CS|TAMS 0x0000000083d00000, 0x0000000083d00000| Complete 
|  62|0x0000000083e00000, 0x0000000083e00000, 0x0000000083f00000|  0%| F|  |TAMS 0x0000000083e00000, 0x0000000083e00000| Untracked 
|  63|0x0000000083f00000, 0x0000000083f00000, 0x0000000084000000|  0%| F|  |TAMS 0x0000000083f00000, 0x0000000083f00000| Untracked 
|  64|0x0000000084000000, 0x0000000084000000, 0x0000000084100000|  0%| F|  |TAMS 0x0000000084000000, 0x0000000084000000| Untracked 
|  65|0x0000000084100000, 0x0000000084100000, 0x0000000084200000|  0%| F|  |TAMS 0x0000000084100000, 0x0000000084100000| Untracked 
|  66|0x0000000084200000, 0x0000000084200000, 0x0000000084300000|  0%| F|  |TAMS 0x0000000084200000, 0x0000000084200000| Untracked 
|  67|0x0000000084300000, 0x0000000084300000, 0x0000000084400000|  0%| F|  |TAMS 0x0000000084300000, 0x0000000084300000| Untracked 
|  68|0x0000000084400000, 0x0000000084400000, 0x0000000084500000|  0%| F|  |TAMS 0x0000000084400000, 0x0000000084400000| Untracked 
|  69|0x0000000084500000, 0x0000000084500000, 0x0000000084600000|  0%| F|  |TAMS 0x0000000084500000, 0x0000000084500000| Untracked 
|  70|0x0000000084600000, 0x0000000084600000, 0x0000000084700000|  0%| F|  |TAMS 0x0000000084600000, 0x0000000084600000| Untracked 
|  71|0x0000000084700000, 0x0000000084700000, 0x0000000084800000|  0%| F|  |TAMS 0x0000000084700000, 0x0000000084700000| Untracked 
|  72|0x0000000084800000, 0x0000000084800000, 0x0000000084900000|  0%| F|  |TAMS 0x0000000084800000, 0x0000000084800000| Untracked 
|  73|0x0000000084900000, 0x0000000084900000, 0x0000000084a00000|  0%| F|  |TAMS 0x0000000084900000, 0x0000000084900000| Untracked 
|  74|0x0000000084a00000, 0x0000000084a00000, 0x0000000084b00000|  0%| F|  |TAMS 0x0000000084a00000, 0x0000000084a00000| Untracked 
|  75|0x0000000084b00000, 0x0000000084b00000, 0x0000000084c00000|  0%| F|  |TAMS 0x0000000084b00000, 0x0000000084b00000| Untracked 
|  76|0x0000000084c00000, 0x0000000084c00000, 0x0000000084d00000|  0%| F|  |TAMS 0x0000000084c00000, 0x0000000084c00000| Untracked 
|  77|0x0000000084d00000, 0x0000000084d00000, 0x0000000084e00000|  0%| F|  |TAMS 0x0000000084d00000, 0x0000000084d00000| Untracked 
|  78|0x0000000084e00000, 0x0000000084e00000, 0x0000000084f00000|  0%| F|  |TAMS 0x0000000084e00000, 0x0000000084e00000| Untracked 
|  79|0x0000000084f00000, 0x0000000084f00000, 0x0000000085000000|  0%| F|  |TAMS 0x0000000084f00000, 0x0000000084f00000| Untracked 
|  80|0x0000000085000000, 0x0000000085000000, 0x0000000085100000|  0%| F|  |TAMS 0x0000000085000000, 0x0000000085000000| Untracked 
|  81|0x0000000085100000, 0x0000000085100000, 0x0000000085200000|  0%| F|  |TAMS 0x0000000085100000, 0x0000000085100000| Untracked 
|  82|0x0000000085200000, 0x0000000085200000, 0x0000000085300000|  0%| F|  |TAMS 0x0000000085200000, 0x0000000085200000| Untracked 
|  83|0x0000000085300000, 0x0000000085300000, 0x0000000085400000|  0%| F|  |TAMS 0x0000000085300000, 0x0000000085300000| Untracked 
|  84|0x0000000085400000, 0x0000000085400000, 0x0000000085500000|  0%| F|  |TAMS 0x0000000085400000, 0x0000000085400000| Untracked 
|  85|0x0000000085500000, 0x0000000085500000, 0x0000000085600000|  0%| F|  |TAMS 0x0000000085500000, 0x0000000085500000| Untracked 
|  86|0x0000000085600000, 0x0000000085600000, 0x0000000085700000|  0%| F|  |TAMS 0x0000000085600000, 0x0000000085600000| Untracked 
|  87|0x0000000085700000, 0x0000000085700000, 0x0000000085800000|  0%| F|  |TAMS 0x0000000085700000, 0x0000000085700000| Untracked 
|  88|0x0000000085800000, 0x0000000085800000, 0x0000000085900000|  0%| F|  |TAMS 0x0000000085800000, 0x0000000085800000| Untracked 
|  89|0x0000000085900000, 0x0000000085900000, 0x0000000085a00000|  0%| F|  |TAMS 0x0000000085900000, 0x0000000085900000| Untracked 
|  90|0x0000000085a00000, 0x0000000085a00000, 0x0000000085b00000|  0%| F|  |TAMS 0x0000000085a00000, 0x0000000085a00000| Untracked 
|  91|0x0000000085b00000, 0x0000000085b00000, 0x0000000085c00000|  0%| F|  |TAMS 0x0000000085b00000, 0x0000000085b00000| Untracked 
|  92|0x0000000085c00000, 0x0000000085c00000, 0x0000000085d00000|  0%| F|  |TAMS 0x0000000085c00000, 0x0000000085c00000| Untracked 
|  93|0x0000000085d00000, 0x0000000085d00000, 0x0000000085e00000|  0%| F|  |TAMS 0x0000000085d00000, 0x0000000085d00000| Untracked 
|  94|0x0000000085e00000, 0x0000000085e00000, 0x0000000085f00000|  0%| F|  |TAMS 0x0000000085e00000, 0x0000000085e00000| Untracked 
|  95|0x0000000085f00000, 0x0000000085f00000, 0x0000000086000000|  0%| F|  |TAMS 0x0000000085f00000, 0x0000000085f00000| Untracked 
|  96|0x0000000086000000, 0x0000000086000000, 0x0000000086100000|  0%| F|  |TAMS 0x0000000086000000, 0x0000000086000000| Untracked 
|  97|0x0000000086100000, 0x0000000086100000, 0x0000000086200000|  0%| F|  |TAMS 0x0000000086100000, 0x0000000086100000| Untracked 
|  98|0x0000000086200000, 0x0000000086200000, 0x0000000086300000|  0%| F|  |TAMS 0x0000000086200000, 0x0000000086200000| Untracked 
|  99|0x0000000086300000, 0x0000000086300000, 0x0000000086400000|  0%| F|  |TAMS 0x0000000086300000, 0x0000000086300000| Untracked 
| 100|0x0000000086400000, 0x0000000086400000, 0x0000000086500000|  0%| F|  |TAMS 0x0000000086400000, 0x0000000086400000| Untracked 
| 101|0x0000000086500000, 0x0000000086500000, 0x0000000086600000|  0%| F|  |TAMS 0x0000000086500000, 0x0000000086500000| Untracked 
| 102|0x0000000086600000, 0x0000000086600000, 0x0000000086700000|  0%| F|  |TAMS 0x0000000086600000, 0x0000000086600000| Untracked 
| 103|0x0000000086700000, 0x0000000086700000, 0x0000000086800000|  0%| F|  |TAMS 0x0000000086700000, 0x0000000086700000| Untracked 
| 104|0x0000000086800000, 0x0000000086800000, 0x0000000086900000|  0%| F|  |TAMS 0x0000000086800000, 0x0000000086800000| Untracked 
| 105|0x0000000086900000, 0x0000000086900000, 0x0000000086a00000|  0%| F|  |TAMS 0x0000000086900000, 0x0000000086900000| Untracked 
| 106|0x0000000086a00000, 0x0000000086a00000, 0x0000000086b00000|  0%| F|  |TAMS 0x0000000086a00000, 0x0000000086a00000| Untracked 
| 107|0x0000000086b00000, 0x0000000086b00000, 0x0000000086c00000|  0%| F|  |TAMS 0x0000000086b00000, 0x0000000086b00000| Untracked 
| 108|0x0000000086c00000, 0x0000000086c82320, 0x0000000086d00000| 50%| E|  |TAMS 0x0000000086c00000, 0x0000000086c00000| Complete 
| 109|0x0000000086d00000, 0x0000000086e00000, 0x0000000086e00000|100%| E|CS|TAMS 0x0000000086d00000, 0x0000000086d00000| Complete 
| 110|0x0000000086e00000, 0x0000000086f00000, 0x0000000086f00000|100%| E|CS|TAMS 0x0000000086e00000, 0x0000000086e00000| Complete 
| 111|0x0000000086f00000, 0x0000000087000000, 0x0000000087000000|100%| E|CS|TAMS 0x0000000086f00000, 0x0000000086f00000| Complete 
| 112|0x0000000087000000, 0x0000000087100000, 0x0000000087100000|100%| E|CS|TAMS 0x0000000087000000, 0x0000000087000000| Complete 
| 113|0x0000000087100000, 0x0000000087200000, 0x0000000087200000|100%| E|CS|TAMS 0x0000000087100000, 0x0000000087100000| Complete 
| 114|0x0000000087200000, 0x0000000087300000, 0x0000000087300000|100%| E|CS|TAMS 0x0000000087200000, 0x0000000087200000| Complete 
| 115|0x0000000087300000, 0x0000000087400000, 0x0000000087400000|100%| E|CS|TAMS 0x0000000087300000, 0x0000000087300000| Complete 
| 116|0x0000000087400000, 0x0000000087500000, 0x0000000087500000|100%| E|CS|TAMS 0x0000000087400000, 0x0000000087400000| Complete 
| 117|0x0000000087500000, 0x0000000087600000, 0x0000000087600000|100%| E|  |TAMS 0x0000000087500000, 0x0000000087500000| Complete 
| 118|0x0000000087600000, 0x0000000087700000, 0x0000000087700000|100%| E|CS|TAMS 0x0000000087600000, 0x0000000087600000| Complete 
| 119|0x0000000087700000, 0x0000000087800000, 0x0000000087800000|100%| E|CS|TAMS 0x0000000087700000, 0x0000000087700000| Complete 
| 120|0x0000000087800000, 0x0000000087900000, 0x0000000087900000|100%| E|CS|TAMS 0x0000000087800000, 0x0000000087800000| Complete 
| 121|0x0000000087900000, 0x0000000087a00000, 0x0000000087a00000|100%| E|CS|TAMS 0x0000000087900000, 0x0000000087900000| Complete 
| 122|0x0000000087a00000, 0x0000000087b00000, 0x0000000087b00000|100%| E|CS|TAMS 0x0000000087a00000, 0x0000000087a00000| Complete 
| 123|0x0000000087b00000, 0x0000000087c00000, 0x0000000087c00000|100%| E|CS|TAMS 0x0000000087b00000, 0x0000000087b00000| Complete 
| 124|0x0000000087c00000, 0x0000000087d00000, 0x0000000087d00000|100%| E|CS|TAMS 0x0000000087c00000, 0x0000000087c00000| Complete 
| 125|0x0000000087d00000, 0x0000000087e00000, 0x0000000087e00000|100%| E|CS|TAMS 0x0000000087d00000, 0x0000000087d00000| Complete 
| 126|0x0000000087e00000, 0x0000000087f00000, 0x0000000087f00000|100%| E|CS|TAMS 0x0000000087e00000, 0x0000000087e00000| Complete 
| 127|0x0000000087f00000, 0x0000000088000000, 0x0000000088000000|100%| E|CS|TAMS 0x0000000087f00000, 0x0000000087f00000| Complete 
| 128|0x0000000088000000, 0x0000000088100000, 0x0000000088100000|100%| E|CS|TAMS 0x0000000088000000, 0x0000000088000000| Complete 
| 129|0x0000000088100000, 0x0000000088200000, 0x0000000088200000|100%| E|CS|TAMS 0x0000000088100000, 0x0000000088100000| Complete 
| 130|0x0000000088200000, 0x0000000088300000, 0x0000000088300000|100%| E|CS|TAMS 0x0000000088200000, 0x0000000088200000| Complete 
| 131|0x0000000088300000, 0x0000000088400000, 0x0000000088400000|100%| E|CS|TAMS 0x0000000088300000, 0x0000000088300000| Complete 
| 132|0x0000000088400000, 0x0000000088500000, 0x0000000088500000|100%| E|CS|TAMS 0x0000000088400000, 0x0000000088400000| Complete 
| 133|0x0000000088500000, 0x0000000088600000, 0x0000000088600000|100%| E|CS|TAMS 0x0000000088500000, 0x0000000088500000| Complete 
| 134|0x0000000088600000, 0x0000000088700000, 0x0000000088700000|100%| E|CS|TAMS 0x0000000088600000, 0x0000000088600000| Complete 
| 135|0x0000000088700000, 0x0000000088800000, 0x0000000088800000|100%| E|CS|TAMS 0x0000000088700000, 0x0000000088700000| Complete 
| 136|0x0000000088800000, 0x0000000088900000, 0x0000000088900000|100%| E|CS|TAMS 0x0000000088800000, 0x0000000088800000| Complete 
| 137|0x0000000088900000, 0x0000000088a00000, 0x0000000088a00000|100%| E|CS|TAMS 0x0000000088900000, 0x0000000088900000| Complete 
| 138|0x0000000088a00000, 0x0000000088b00000, 0x0000000088b00000|100%| E|CS|TAMS 0x0000000088a00000, 0x0000000088a00000| Complete 
| 139|0x0000000088b00000, 0x0000000088c00000, 0x0000000088c00000|100%| E|CS|TAMS 0x0000000088b00000, 0x0000000088b00000| Complete 
| 140|0x0000000088c00000, 0x0000000088d00000, 0x0000000088d00000|100%| E|CS|TAMS 0x0000000088c00000, 0x0000000088c00000| Complete 
| 141|0x0000000088d00000, 0x0000000088e00000, 0x0000000088e00000|100%| E|CS|TAMS 0x0000000088d00000, 0x0000000088d00000| Complete 
| 142|0x0000000088e00000, 0x0000000088f00000, 0x0000000088f00000|100%| E|CS|TAMS 0x0000000088e00000, 0x0000000088e00000| Complete 
| 143|0x0000000088f00000, 0x0000000089000000, 0x0000000089000000|100%| E|CS|TAMS 0x0000000088f00000, 0x0000000088f00000| Complete 
| 144|0x0000000089000000, 0x0000000089100000, 0x0000000089100000|100%| E|CS|TAMS 0x0000000089000000, 0x0000000089000000| Complete 
| 145|0x0000000089100000, 0x0000000089200000, 0x0000000089200000|100%| E|CS|TAMS 0x0000000089100000, 0x0000000089100000| Complete 
| 146|0x0000000089200000, 0x0000000089300000, 0x0000000089300000|100%| E|CS|TAMS 0x0000000089200000, 0x0000000089200000| Complete 
| 147|0x0000000089300000, 0x0000000089400000, 0x0000000089400000|100%| E|CS|TAMS 0x0000000089300000, 0x0000000089300000| Complete 
| 148|0x0000000089400000, 0x0000000089500000, 0x0000000089500000|100%| E|CS|TAMS 0x0000000089400000, 0x0000000089400000| Complete 
| 149|0x0000000089500000, 0x0000000089600000, 0x0000000089600000|100%| E|CS|TAMS 0x0000000089500000, 0x0000000089500000| Complete 
| 150|0x0000000089600000, 0x0000000089700000, 0x0000000089700000|100%| E|CS|TAMS 0x0000000089600000, 0x0000000089600000| Complete 
| 151|0x0000000089700000, 0x0000000089800000, 0x0000000089800000|100%| E|CS|TAMS 0x0000000089700000, 0x0000000089700000| Complete 

Card table byte_map: [0x000001cc78f60000,0x000001cc79360000] _byte_map_base: 0x000001cc78b60000

Marking Bits (Prev, Next): (CMBitMap*) 0x000001cc74d6fc38, (CMBitMap*) 0x000001cc74d6fc70
 Prev Bits: [0x000001cc79760000, 0x000001cc7b760000)
 Next Bits: [0x000001cc7b760000, 0x000001cc7d760000)

Polling page: 0x000001cc72c60000

Metaspace:

Usage:
  Non-class:     43.16 MB capacity,    42.20 MB ( 98%) used,   849.45 KB (  2%) free+waste,   133.19 KB ( <1%) overhead. 
      Class:      6.78 MB capacity,     6.19 MB ( 91%) used,   533.73 KB (  8%) free+waste,    63.75 KB ( <1%) overhead. 
       Both:     49.93 MB capacity,    48.39 MB ( 97%) used,     1.35 MB (  3%) free+waste,   196.94 KB ( <1%) overhead. 

Virtual space:
  Non-class space:       44.00 MB reserved,      43.25 MB ( 98%) committed 
      Class space:        1.00 GB reserved,       6.88 MB ( <1%) committed 
             Both:        1.04 GB reserved,      50.13 MB (  5%) committed 

Chunk freelists:
   Non-Class:  33.00 KB
       Class:  5.00 KB
        Both:  38.00 KB

MaxMetaspaceSize: 17179869184.00 GB
CompressedClassSpaceSize: 1.00 GB
Initial GC threshold: 20.80 MB
Current GC threshold: 58.75 MB
CDS: off

CodeHeap 'non-profiled nmethods': size=120000Kb used=3058Kb max_used=3058Kb free=116941Kb
 bounds [0x000001cc07ad0000, 0x000001cc07dd0000, 0x000001cc0f000000]
CodeHeap 'profiled nmethods': size=120000Kb used=11284Kb max_used=11284Kb free=108715Kb
 bounds [0x000001cc005a0000, 0x000001cc010b0000, 0x000001cc07ad0000]
CodeHeap 'non-nmethods': size=5760Kb used=2296Kb max_used=2343Kb free=3463Kb
 bounds [0x000001cc00000000, 0x000001cc00270000, 0x000001cc005a0000]
 total_blobs=6321 nmethods=5531 adapters=702
 compilation: enabled
              stopped_count=0, restarted_count=0
 full_count=0

Compilation events (20 events):
Event: 21.027 Thread 0x000001cc0f1fc800 nmethod 5527 0x000001cc01096a10 code [0x000001cc01096c40, 0x000001cc010972d8]
Event: 21.027 Thread 0x000001cc0f1fc800 5526       3       java.util.concurrent.atomic.AtomicBoolean::<init> (5 bytes)
Event: 21.027 Thread 0x000001cc0f1fc800 nmethod 5526 0x000001cc01097510 code [0x000001cc010976c0, 0x000001cc01097818]
Event: 21.027 Thread 0x000001cc0f1fc800 5528       3       java.lang.reflect.Constructor::checkCanSetAccessible (29 bytes)
Event: 21.027 Thread 0x000001cc0f1fc800 nmethod 5528 0x000001cc01097910 code [0x000001cc01097ae0, 0x000001cc01097d98]
Event: 21.027 Thread 0x000001cc0f1fc800 5529       1       org.gradle.api.internal.collections.SortedSetElementSource::getMutationGuard (5 bytes)
Event: 21.027 Thread 0x000001cc0f1fc800 nmethod 5529 0x000001cc07dc6d90 code [0x000001cc07dc6f40, 0x000001cc07dc6ff8]
Event: 21.027 Thread 0x000001cc0f1fc800 5530       1       java.io.ObjectStreamField::getName (5 bytes)
Event: 21.028 Thread 0x000001cc0f1fc800 nmethod 5530 0x000001cc07dc7090 code [0x000001cc07dc7240, 0x000001cc07dc72f8]
Event: 21.029 Thread 0x000001cc0f1fc800 5533       3       java.lang.Class::searchMethods (104 bytes)
Event: 21.030 Thread 0x000001cc0f1fc800 nmethod 5533 0x000001cc01097f10 code [0x000001cc01098180, 0x000001cc01098bb8]
Event: 21.031 Thread 0x000001cc0f1fc800 5534       3       java.io.ObjectStreamField::getSignature (39 bytes)
Event: 21.031 Thread 0x000001cc12d8a000 5520       4       jdk.internal.reflect.ClassFileAssembler::emitConstantPoolUTF8 (50 bytes)
Event: 21.031 Thread 0x000001cc0f1fc800 nmethod 5534 0x000001cc01099010 code [0x000001cc01099220, 0x000001cc010996a8]
Event: 21.031 Thread 0x000001cc0f1fc800 5535       3       java.util.regex.Pattern$$Lambda$13/0x0000000100090040::is (13 bytes)
Event: 21.031 Thread 0x000001cc0f1fc800 nmethod 5535 0x000001cc01099890 code [0x000001cc01099a60, 0x000001cc01099cb8]
Event: 21.032 Thread 0x000001cc0f1fc800 5536       3       jdk.internal.reflect.ClassFileAssembler::incStack (11 bytes)
Event: 21.032 Thread 0x000001cc0f1fc800 nmethod 5536 0x000001cc01099d90 code [0x000001cc01099f40, 0x000001cc0109a0f8]
Event: 21.033 Thread 0x000001cc0f1fc800 5537       3       java.io.ObjectStreamField::getTypeCode (9 bytes)
Event: 21.034 Thread 0x000001cc0f1fc800 nmethod 5537 0x000001cc0109a190 code [0x000001cc0109a3c0, 0x000001cc0109a9a8]

GC Heap History (20 events):
Event: 2.504 GC heap before
{Heap before GC invocations=0 (full 0):
 garbage-first heap   total 129024K, used 30720K [0x0000000080000000, 0x0000000100000000)
  region size 1024K, 24 young (24576K), 0 survivors (0K)
 Metaspace       used 10231K, capacity 10427K, committed 10624K, reserved 1058816K
  class space    used 1072K, capacity 1141K, committed 1152K, reserved 1048576K
}
Event: 2.523 GC heap after
{Heap after GC invocations=1 (full 0):
 garbage-first heap   total 129024K, used 9520K [0x0000000080000000, 0x0000000100000000)
  region size 1024K, 3 young (3072K), 3 survivors (3072K)
 Metaspace       used 10231K, capacity 10427K, committed 10624K, reserved 1058816K
  class space    used 1072K, capacity 1141K, committed 1152K, reserved 1048576K
}
Event: 3.386 GC heap before
{Heap before GC invocations=1 (full 0):
 garbage-first heap   total 129024K, used 27952K [0x0000000080000000, 0x0000000100000000)
  region size 1024K, 21 young (21504K), 3 survivors (3072K)
 Metaspace       used 11184K, capacity 11382K, committed 11520K, reserved 1058816K
  class space    used 1174K, capacity 1246K, committed 1280K, reserved 1048576K
}
Event: 3.391 GC heap after
{Heap after GC invocations=2 (full 0):
 garbage-first heap   total 129024K, used 10113K [0x0000000080000000, 0x0000000100000000)
  region size 1024K, 1 young (1024K), 1 survivors (1024K)
 Metaspace       used 11184K, capacity 11382K, committed 11520K, reserved 1058816K
  class space    used 1174K, capacity 1246K, committed 1280K, reserved 1048576K
}
Event: 7.073 GC heap before
{Heap before GC invocations=2 (full 0):
 garbage-first heap   total 129024K, used 57217K [0x0000000080000000, 0x0000000100000000)
  region size 1024K, 47 young (48128K), 1 survivors (1024K)
 Metaspace       used 16611K, capacity 16946K, committed 17152K, reserved 1064960K
  class space    used 1919K, capacity 2036K, committed 2048K, reserved 1048576K
}
Event: 7.078 GC heap after
{Heap after GC invocations=3 (full 0):
 garbage-first heap   total 129024K, used 16133K [0x0000000080000000, 0x0000000100000000)
  region size 1024K, 6 young (6144K), 6 survivors (6144K)
 Metaspace       used 16611K, capacity 16946K, committed 17152K, reserved 1064960K
  class space    used 1919K, capacity 2036K, committed 2048K, reserved 1048576K
}
Event: 7.860 GC heap before
{Heap before GC invocations=3 (full 0):
 garbage-first heap   total 129024K, used 52997K [0x0000000080000000, 0x0000000100000000)
  region size 1024K, 43 young (44032K), 6 survivors (6144K)
 Metaspace       used 20739K, capacity 21144K, committed 21248K, reserved 1067008K
  class space    used 2556K, capacity 2713K, committed 2816K, reserved 1048576K
}
Event: 7.877 GC heap after
{Heap after GC invocations=4 (full 0):
 garbage-first heap   total 129024K, used 17426K [0x0000000080000000, 0x0000000100000000)
  region size 1024K, 2 young (2048K), 2 survivors (2048K)
 Metaspace       used 20739K, capacity 21144K, committed 21248K, reserved 1067008K
  class space    used 2556K, capacity 2713K, committed 2816K, reserved 1048576K
}
Event: 9.085 GC heap before
{Heap before GC invocations=5 (full 0):
 garbage-first heap   total 129024K, used 68626K [0x0000000080000000, 0x0000000100000000)
  region size 1024K, 52 young (53248K), 2 survivors (2048K)
 Metaspace       used 26144K, capacity 26693K, committed 27008K, reserved 1073152K
  class space    used 3395K, capacity 3589K, committed 3712K, reserved 1048576K
}
Event: 9.090 GC heap after
{Heap after GC invocations=6 (full 0):
 garbage-first heap   total 129024K, used 19159K [0x0000000080000000, 0x0000000100000000)
  region size 1024K, 4 young (4096K), 4 survivors (4096K)
 Metaspace       used 26144K, capacity 26693K, committed 27008K, reserved 1073152K
  class space    used 3395K, capacity 3589K, committed 3712K, reserved 1048576K
}
Event: 10.797 GC heap before
{Heap before GC invocations=6 (full 0):
 garbage-first heap   total 129024K, used 75479K [0x0000000080000000, 0x0000000100000000)
  region size 1024K, 59 young (60416K), 4 survivors (4096K)
 Metaspace       used 32079K, capacity 32792K, committed 33024K, reserved 1077248K
  class space    used 4288K, capacity 4544K, committed 4608K, reserved 1048576K
}
Event: 10.806 GC heap after
{Heap after GC invocations=7 (full 0):
 garbage-first heap   total 129024K, used 21339K [0x0000000080000000, 0x0000000100000000)
  region size 1024K, 6 young (6144K), 6 survivors (6144K)
 Metaspace       used 32079K, capacity 32792K, committed 33024K, reserved 1077248K
  class space    used 4288K, capacity 4544K, committed 4608K, reserved 1048576K
}
Event: 11.489 GC heap before
{Heap before GC invocations=7 (full 0):
 garbage-first heap   total 129024K, used 27483K [0x0000000080000000, 0x0000000100000000)
  region size 1024K, 13 young (13312K), 6 survivors (6144K)
 Metaspace       used 35035K, capacity 35795K, committed 35840K, reserved 1081344K
  class space    used 4550K, capacity 4843K, committed 4864K, reserved 1048576K
}
Event: 11.500 GC heap after
{Heap after GC invocations=8 (full 0):
 garbage-first heap   total 129024K, used 22620K [0x0000000080000000, 0x0000000100000000)
  region size 1024K, 6 young (6144K), 6 survivors (6144K)
 Metaspace       used 35035K, capacity 35795K, committed 35840K, reserved 1081344K
  class space    used 4550K, capacity 4843K, committed 4864K, reserved 1048576K
}
Event: 13.137 GC heap before
{Heap before GC invocations=9 (full 0):
 garbage-first heap   total 129024K, used 85084K [0x0000000080000000, 0x0000000100000000)
  region size 1024K, 65 young (66560K), 6 survivors (6144K)
 Metaspace       used 39624K, capacity 40590K, committed 40832K, reserved 1085440K
  class space    used 5073K, capacity 5394K, committed 5504K, reserved 1048576K
}
Event: 13.153 GC heap after
{Heap after GC invocations=10 (full 0):
 garbage-first heap   total 129024K, used 27769K [0x0000000080000000, 0x0000000100000000)
  region size 1024K, 9 young (9216K), 9 survivors (9216K)
 Metaspace       used 39624K, capacity 40590K, committed 40832K, reserved 1085440K
  class space    used 5073K, capacity 5394K, committed 5504K, reserved 1048576K
}
Event: 16.015 GC heap before
{Heap before GC invocations=10 (full 0):
 garbage-first heap   total 129024K, used 88185K [0x0000000080000000, 0x0000000100000000)
  region size 1024K, 68 young (69632K), 9 survivors (9216K)
 Metaspace       used 44817K, capacity 46073K, committed 46208K, reserved 1089536K
  class space    used 5746K, capacity 6231K, committed 6272K, reserved 1048576K
}
Event: 16.036 GC heap after
{Heap after GC invocations=11 (full 0):
 garbage-first heap   total 129024K, used 31144K [0x0000000080000000, 0x0000000100000000)
  region size 1024K, 5 young (5120K), 5 survivors (5120K)
 Metaspace       used 44817K, capacity 46073K, committed 46208K, reserved 1089536K
  class space    used 5746K, capacity 6231K, committed 6272K, reserved 1048576K
}
Event: 18.630 GC heap before
{Heap before GC invocations=11 (full 0):
 garbage-first heap   total 129024K, used 91560K [0x0000000080000000, 0x0000000100000000)
  region size 1024K, 64 young (65536K), 5 survivors (5120K)
 Metaspace       used 48344K, capacity 49777K, committed 50048K, reserved 1093632K
  class space    used 6208K, capacity 6763K, committed 6784K, reserved 1048576K
}
Event: 18.665 GC heap after
{Heap after GC invocations=12 (full 0):
 garbage-first heap   total 155648K, used 33300K [0x0000000080000000, 0x0000000100000000)
  region size 1024K, 7 young (7168K), 7 survivors (7168K)
 Metaspace       used 48344K, capacity 49777K, committed 50048K, reserved 1093632K
  class space    used 6208K, capacity 6763K, committed 6784K, reserved 1048576K
}

Deoptimization events (20 events):
Event: 21.019 Thread 0x000001cc11b35000 Uncommon trap: trap_request=0xffffff6e fr.pc=0x000001cc07db11fc relative=0x000000000000079c
Event: 21.019 Thread 0x000001cc11b35000 Uncommon trap: reason=speculate_class_check action=maybe_recompile pc=0x000001cc07db11fc method=sun.security.provider.DigestBase.implCompressMultiBlock([BII)I @ 11 c2
Event: 21.019 Thread 0x000001cc11b35000 DEOPT PACKING pc=0x000001cc07db11fc sp=0x0000006a8a6fcf60
Event: 21.019 Thread 0x000001cc11b35000 DEOPT UNPACKING pc=0x000001cc0004a1af sp=0x0000006a8a6fce98 mode 2
Event: 21.019 Thread 0x000001cc127fe000 Uncommon trap: trap_request=0xffffffc6 fr.pc=0x000001cc07cb0f3c relative=0x0000000000003c1c
Event: 21.019 Thread 0x000001cc127fe000 Uncommon trap: reason=bimorphic_or_optimized_type_check action=maybe_recompile pc=0x000001cc07cb0f3c method=java.util.AbstractCollection.addAll(Ljava/util/Collection;)Z @ 29 c2
Event: 21.019 Thread 0x000001cc127fe000 DEOPT PACKING pc=0x000001cc07cb0f3c sp=0x0000006a8a3fb5f0
Event: 21.019 Thread 0x000001cc127fe000 DEOPT UNPACKING pc=0x000001cc0004a1af sp=0x0000006a8a3fb5f0 mode 2
Event: 21.025 Thread 0x000001cc11b35000 Uncommon trap: trap_request=0xffffff6e fr.pc=0x000001cc07db11fc relative=0x000000000000079c
Event: 21.025 Thread 0x000001cc11b35000 Uncommon trap: reason=speculate_class_check action=maybe_recompile pc=0x000001cc07db11fc method=sun.security.provider.DigestBase.implCompressMultiBlock([BII)I @ 11 c2
Event: 21.025 Thread 0x000001cc11b35000 DEOPT PACKING pc=0x000001cc07db11fc sp=0x0000006a8a6fccf0
Event: 21.025 Thread 0x000001cc11b35000 DEOPT UNPACKING pc=0x000001cc0004a1af sp=0x0000006a8a6fcc28 mode 2
Event: 21.025 Thread 0x000001cc11b35000 Uncommon trap: trap_request=0xffffff6e fr.pc=0x000001cc07db11fc relative=0x000000000000079c
Event: 21.025 Thread 0x000001cc11b35000 Uncommon trap: reason=speculate_class_check action=maybe_recompile pc=0x000001cc07db11fc method=sun.security.provider.DigestBase.implCompressMultiBlock([BII)I @ 11 c2
Event: 21.025 Thread 0x000001cc11b35000 DEOPT PACKING pc=0x000001cc07db11fc sp=0x0000006a8a6fcc00
Event: 21.025 Thread 0x000001cc11b35000 DEOPT UNPACKING pc=0x000001cc0004a1af sp=0x0000006a8a6fcb38 mode 2
Event: 21.025 Thread 0x000001cc11b35000 Uncommon trap: trap_request=0xffffff6e fr.pc=0x000001cc07db11fc relative=0x000000000000079c
Event: 21.025 Thread 0x000001cc11b35000 Uncommon trap: reason=speculate_class_check action=maybe_recompile pc=0x000001cc07db11fc method=sun.security.provider.DigestBase.implCompressMultiBlock([BII)I @ 11 c2
Event: 21.025 Thread 0x000001cc11b35000 DEOPT PACKING pc=0x000001cc07db11fc sp=0x0000006a8a6fcb10
Event: 21.025 Thread 0x000001cc11b35000 DEOPT UNPACKING pc=0x000001cc0004a1af sp=0x0000006a8a6fca48 mode 2

Classes redefined (0 events):
No events

Internal exceptions (20 events):
Event: 20.605 Thread 0x000001cc127fe000 Exception <a 'java/security/PrivilegedActionException'{0x00000000878710c8}> (0x00000000878710c8) thrown at [./src/hotspot/share/prims/jvm.cpp, line 1306]
Event: 20.966 Thread 0x000001cc127fe000 Exception <a 'java/lang/ClassNotFoundException'{0x00000000873ce818}: org/gradle/api/tasks/Delete_DecoratedBeanInfo> (0x00000000873ce818) thrown at [./src/hotspot/share/classfile/systemDictionary.cpp, line 231]
Event: 20.967 Thread 0x000001cc127fe000 Exception <a 'java/lang/ClassNotFoundException'{0x00000000873f9920}: org/gradle/api/tasks/DeleteBeanInfo> (0x00000000873f9920) thrown at [./src/hotspot/share/classfile/systemDictionary.cpp, line 231]
Event: 20.968 Thread 0x000001cc127fe000 Exception <a 'java/lang/ClassNotFoundException'{0x0000000087228a00}: org/gradle/api/internal/ConventionTaskBeanInfo> (0x0000000087228a00) thrown at [./src/hotspot/share/classfile/systemDictionary.cpp, line 231]
Event: 20.969 Thread 0x000001cc127fe000 Exception <a 'java/lang/ClassNotFoundException'{0x0000000087253180}: org/gradle/api/DefaultTaskBeanInfo> (0x0000000087253180) thrown at [./src/hotspot/share/classfile/systemDictionary.cpp, line 231]
Event: 20.970 Thread 0x000001cc127fe000 Exception <a 'java/lang/ClassNotFoundException'{0x0000000087281d70}: org/gradle/api/internal/AbstractTaskBeanInfo> (0x0000000087281d70) thrown at [./src/hotspot/share/classfile/systemDictionary.cpp, line 231]
Event: 20.971 Thread 0x000001cc127fe000 Exception <a 'java/lang/ClassNotFoundException'{0x00000000872b0c18}: org/gradle/api/internal/AbstractTaskCustomizer> (0x00000000872b0c18) thrown at [./src/hotspot/share/classfile/systemDictionary.cpp, line 231]
Event: 20.975 Thread 0x000001cc127fe000 Exception <a 'java/lang/ClassNotFoundException'{0x0000000087127178}: org/gradle/api/DefaultTaskCustomizer> (0x0000000087127178) thrown at [./src/hotspot/share/classfile/systemDictionary.cpp, line 231]
Event: 20.978 Thread 0x000001cc127fe000 Exception <a 'java/lang/ClassNotFoundException'{0x00000000871aa888}: org/gradle/api/internal/ConventionTaskCustomizer> (0x00000000871aa888) thrown at [./src/hotspot/share/classfile/systemDictionary.cpp, line 231]
Event: 20.980 Thread 0x000001cc127fe000 Exception <a 'java/lang/ClassNotFoundException'{0x00000000871e4dc0}: org/gradle/api/tasks/DeleteCustomizer> (0x00000000871e4dc0) thrown at [./src/hotspot/share/classfile/systemDictionary.cpp, line 231]
Event: 20.982 Thread 0x000001cc127fe000 Exception <a 'java/lang/ClassNotFoundException'{0x0000000087026340}: org/gradle/api/tasks/Delete_DecoratedCustomizer> (0x0000000087026340) thrown at [./src/hotspot/share/classfile/systemDictionary.cpp, line 231]
Event: 21.008 Thread 0x000001cc127fe000 Exception <a 'java/lang/NoSuchMethodError'{0x0000000086f3a4d8}: 'long java.lang.invoke.DirectMethodHandle$Holder.invokeVirtual(java.lang.Object, java.lang.Object)'> (0x0000000086f3a4d8) thrown at [./src/hotspot/share/interpreter/linkResolver.cpp, line 773]
Event: 21.019 Thread 0x000001cc11b35000 Exception <a 'java/lang/NoSuchMethodError'{0x0000000086f83a80}: <clinit>> (0x0000000086f83a80) thrown at [./src/hotspot/share/prims/jni.cpp, line 1365]
Event: 21.024 Thread 0x000001cc11b35000 Exception <a 'java/lang/NoSuchMethodError'{0x0000000086fa1ac0}: <clinit>> (0x0000000086fa1ac0) thrown at [./src/hotspot/share/prims/jni.cpp, line 1365]
Event: 21.025 Thread 0x000001cc11b35000 Exception <a 'java/lang/NoSuchMethodError'{0x0000000086fa2bd0}: <clinit>> (0x0000000086fa2bd0) thrown at [./src/hotspot/share/prims/jni.cpp, line 1365]
Event: 21.025 Thread 0x000001cc11b35000 Exception <a 'java/lang/NoSuchMethodError'{0x0000000086fa3ed8}: <clinit>> (0x0000000086fa3ed8) thrown at [./src/hotspot/share/prims/jni.cpp, line 1365]
Event: 21.025 Thread 0x000001cc11b35000 Exception <a 'java/lang/NoSuchMethodError'{0x0000000086fa5170}: <clinit>> (0x0000000086fa5170) thrown at [./src/hotspot/share/prims/jni.cpp, line 1365]
Event: 21.027 Thread 0x000001cc11b35000 Exception <a 'java/lang/NoSuchMethodError'{0x0000000086fb7980}: <clinit>> (0x0000000086fb7980) thrown at [./src/hotspot/share/prims/jni.cpp, line 1365]
Event: 21.029 Thread 0x000001cc11b35000 Exception <a 'java/lang/NoSuchMethodError'{0x0000000086e04fc8}: <clinit>> (0x0000000086e04fc8) thrown at [./src/hotspot/share/prims/jni.cpp, line 1365]
Event: 21.033 Thread 0x000001cc11b35000 Exception <a 'java/lang/NoSuchMethodError'{0x0000000086e190b8}: <clinit>> (0x0000000086e190b8) thrown at [./src/hotspot/share/prims/jni.cpp, line 1365]

Events (20 events):
Event: 21.013 loading class org/gradle/tooling/internal/protocol/events/InternalProjectConfigurationResult$InternalPluginApplicationResult done
Event: 21.013 loading class org/gradle/tooling/internal/provider/runner/ProjectConfigurationTracker$PluginApplicationResult
Event: 21.013 loading class org/gradle/tooling/internal/provider/runner/ProjectConfigurationTracker$PluginApplicationResult done
Event: 21.015 loading class java/util/stream/SortedOps$RefSortingSink
Event: 21.015 loading class java/util/stream/SortedOps$AbstractRefSortingSink
Event: 21.015 loading class java/util/stream/SortedOps$AbstractRefSortingSink done
Event: 21.015 loading class java/util/stream/SortedOps$RefSortingSink done
Event: 21.016 loading class org/gradle/internal/build/event/types/DefaultPluginApplicationResult
Event: 21.016 loading class org/gradle/internal/build/event/types/DefaultPluginApplicationResult done
Event: 21.017 loading class org/gradle/internal/build/event/types/DefaultOperationFinishedProgressEvent
Event: 21.017 loading class org/gradle/internal/build/event/types/DefaultOperationFinishedProgressEvent done
Event: 21.018 loading class org/gradle/api/internal/project/DefaultCrossProjectModelAccess
Event: 21.018 loading class org/gradle/api/internal/project/DefaultCrossProjectModelAccess done
Event: 21.019 loading class org/gradle/internal/Factory
Event: 21.019 loading class org/gradle/internal/Factory done
Event: 21.021 Executing VM operation: BulkRevokeBias
Event: 21.024 Executing VM operation: BulkRevokeBias done
Event: 21.030 Thread 0x000001cc12d8a000 Thread added: 0x000001cc12d8a000
Event: 21.031 loading class java/time/Ser
Event: 21.031 loading class java/time/Ser done


Dynamic libraries:
0x00007ff655a20000 - 0x00007ff655a2a000 	C:\Program Files\Android\Android Studio\jre\bin\java.exe
0x00007ffc20bf0000 - 0x00007ffc20e04000 	C:\WINDOWS\SYSTEM32\ntdll.dll
0x00007ffc1fa30000 - 0x00007ffc1faf2000 	C:\WINDOWS\System32\KERNEL32.DLL
0x00007ffc1e660000 - 0x00007ffc1e9fc000 	C:\WINDOWS\System32\KERNELBASE.dll
0x00007ffc1e030000 - 0x00007ffc1e141000 	C:\WINDOWS\System32\ucrtbase.dll
0x00007ffbf9470000 - 0x00007ffbf9487000 	C:\Program Files\Android\Android Studio\jre\bin\VCRUNTIME140.dll
0x00007ffbebe30000 - 0x00007ffbebe49000 	C:\Program Files\Android\Android Studio\jre\bin\jli.dll
0x00007ffc1fdb0000 - 0x00007ffc1ff5b000 	C:\WINDOWS\System32\USER32.dll
0x00007ffc1e420000 - 0x00007ffc1e446000 	C:\WINDOWS\System32\win32u.dll
0x00007ffc1f730000 - 0x00007ffc1f759000 	C:\WINDOWS\System32\GDI32.dll
0x00007ffc1e300000 - 0x00007ffc1e412000 	C:\WINDOWS\System32\gdi32full.dll
0x00007ffc1e5c0000 - 0x00007ffc1e65a000 	C:\WINDOWS\System32\msvcp_win.dll
0x00007ffc00970000 - 0x00007ffc00bfe000 	C:\WINDOWS\WinSxS\amd64_microsoft.windows.common-controls_6595b64144ccf1df_6.0.22621.436_none_a94247dbc10d8414\COMCTL32.dll
0x00007ffc1ea20000 - 0x00007ffc1eac7000 	C:\WINDOWS\System32\msvcrt.dll
0x00007ffc1f850000 - 0x00007ffc1f881000 	C:\WINDOWS\System32\IMM32.DLL
0x00007ffbd55f0000 - 0x00007ffbd568d000 	C:\Program Files\Android\Android Studio\jre\bin\msvcp140.dll
0x00007ffb8e340000 - 0x00007ffb8ee25000 	C:\Program Files\Android\Android Studio\jre\bin\server\jvm.dll
0x00007ffc1fb00000 - 0x00007ffc1fbae000 	C:\WINDOWS\System32\ADVAPI32.dll
0x00007ffc207a0000 - 0x00007ffc20844000 	C:\WINDOWS\System32\sechost.dll
0x00007ffc1f890000 - 0x00007ffc1f9a5000 	C:\WINDOWS\System32\RPCRT4.dll
0x00007ffc20b10000 - 0x00007ffc20b18000 	C:\WINDOWS\System32\PSAPI.DLL
0x00007ffbecbe0000 - 0x00007ffbecbe9000 	C:\WINDOWS\SYSTEM32\WSOCK32.dll
0x00007ffc15b30000 - 0x00007ffc15b64000 	C:\WINDOWS\SYSTEM32\WINMM.dll
0x00007ffc1f9b0000 - 0x00007ffc1fa21000 	C:\WINDOWS\System32\WS2_32.dll
0x00007ffc10990000 - 0x00007ffc1099a000 	C:\WINDOWS\SYSTEM32\VERSION.dll
0x00007ffc1d070000 - 0x00007ffc1d088000 	C:\WINDOWS\SYSTEM32\kernel.appcore.dll
0x00007ffc079d0000 - 0x00007ffc079e1000 	C:\Program Files\Android\Android Studio\jre\bin\verify.dll
0x00007ffc18b30000 - 0x00007ffc18d5e000 	C:\WINDOWS\SYSTEM32\DBGHELP.DLL
0x00007ffc20410000 - 0x00007ffc20799000 	C:\WINDOWS\System32\combase.dll
0x00007ffc1fbb0000 - 0x00007ffc1fc87000 	C:\WINDOWS\System32\OLEAUT32.dll
0x00007ffbeca90000 - 0x00007ffbecac2000 	C:\WINDOWS\SYSTEM32\dbgcore.DLL
0x00007ffc1e280000 - 0x00007ffc1e2fb000 	C:\WINDOWS\System32\bcryptPrimitives.dll
0x00007ffbe5420000 - 0x00007ffbe5449000 	C:\Program Files\Android\Android Studio\jre\bin\java.dll
0x00007ffc072f0000 - 0x00007ffc072fb000 	C:\Program Files\Android\Android Studio\jre\bin\jimage.dll
0x00007ffbee0f0000 - 0x00007ffbee108000 	C:\Program Files\Android\Android Studio\jre\bin\zip.dll
0x00007ffc1ead0000 - 0x00007ffc1f2ab000 	C:\WINDOWS\System32\SHELL32.dll
0x00007ffc1c010000 - 0x00007ffc1c8c4000 	C:\WINDOWS\SYSTEM32\windows.storage.dll
0x00007ffc1bed0000 - 0x00007ffc1c00d000 	C:\WINDOWS\SYSTEM32\wintypes.dll
0x00007ffc1ff60000 - 0x00007ffc20051000 	C:\WINDOWS\System32\SHCORE.dll
0x00007ffc20190000 - 0x00007ffc201ee000 	C:\WINDOWS\System32\shlwapi.dll
0x00007ffc1df60000 - 0x00007ffc1df81000 	C:\WINDOWS\SYSTEM32\profapi.dll
0x00007ffbe2440000 - 0x00007ffbe245a000 	C:\Program Files\Android\Android Studio\jre\bin\net.dll
0x00007ffc1b420000 - 0x00007ffc1b54f000 	C:\WINDOWS\SYSTEM32\WINHTTP.dll
0x00007ffc1d4c0000 - 0x00007ffc1d529000 	C:\WINDOWS\system32\mswsock.dll
0x00007ffbd6070000 - 0x00007ffbd6084000 	C:\Program Files\Android\Android Studio\jre\bin\nio.dll
0x00007ffbff950000 - 0x00007ffbff977000 	C:\Users\kelvi\.gradle\native\e1d6ef7f7dcc3fd88c89a11ec53ec762bb8ba0a96d01ffa2cd45eb1d1d8dd5c5\windows-amd64\native-platform.dll
0x00007ffbd5430000 - 0x00007ffbd5574000 	C:\Users\kelvi\.gradle\native\5664cfc778a61ccfe75a443a1ab52a65af34e5dc3c78e0209fed803814484fcb\windows-amd64\native-platform-file-events.dll
0x00007ffbfacc0000 - 0x00007ffbfacca000 	C:\Program Files\Android\Android Studio\jre\bin\management.dll
0x00007ffbf6f00000 - 0x00007ffbf6f0d000 	C:\Program Files\Android\Android Studio\jre\bin\management_ext.dll
0x00007ffc1d840000 - 0x00007ffc1d85b000 	C:\WINDOWS\SYSTEM32\CRYPTSP.dll
0x00007ffc1cfe0000 - 0x00007ffc1d015000 	C:\WINDOWS\system32\rsaenh.dll
0x00007ffc1d560000 - 0x00007ffc1d588000 	C:\WINDOWS\SYSTEM32\USERENV.dll
0x00007ffc1d970000 - 0x00007ffc1d998000 	C:\WINDOWS\SYSTEM32\bcrypt.dll
0x00007ffc1d7f0000 - 0x00007ffc1d7fc000 	C:\WINDOWS\SYSTEM32\CRYPTBASE.dll
0x00007ffc1cb20000 - 0x00007ffc1cb4d000 	C:\WINDOWS\SYSTEM32\IPHLPAPI.DLL
0x00007ffc1fd40000 - 0x00007ffc1fd49000 	C:\WINDOWS\System32\NSI.dll
0x00007ffc155f0000 - 0x00007ffc15609000 	C:\WINDOWS\SYSTEM32\dhcpcsvc6.DLL
0x00007ffc11980000 - 0x00007ffc1199f000 	C:\WINDOWS\SYSTEM32\dhcpcsvc.DLL
0x00007ffc1cb90000 - 0x00007ffc1cc82000 	C:\WINDOWS\SYSTEM32\DNSAPI.dll

dbghelp: loaded successfully - version: 4.0.5 - missing functions: none
symbol engine: initialized successfully - sym options: 0x614 - pdb path: .;C:\Program Files\Android\Android Studio\jre\bin;C:\WINDOWS\SYSTEM32;C:\WINDOWS\WinSxS\amd64_microsoft.windows.common-controls_6595b64144ccf1df_6.0.22621.436_none_a94247dbc10d8414;C:\Program Files\Android\Android Studio\jre\bin\server;C:\Users\kelvi\.gradle\native\e1d6ef7f7dcc3fd88c89a11ec53ec762bb8ba0a96d01ffa2cd45eb1d1d8dd5c5\windows-amd64;C:\Users\kelvi\.gradle\native\5664cfc778a61ccfe75a443a1ab52a65af34e5dc3c78e0209fed803814484fcb\windows-amd64

VM Arguments:
jvm_args: --add-opens=java.base/java.util=ALL-UNNAMED --add-opens=java.base/java.lang=ALL-UNNAMED --add-opens=java.base/java.lang.invoke=ALL-UNNAMED --add-opens=java.base/java.util=ALL-UNNAMED --add-opens=java.prefs/java.util.prefs=ALL-UNNAMED --add-opens=java.prefs/java.util.prefs=ALL-UNNAMED --add-opens=java.base/java.nio.charset=ALL-UNNAMED --add-opens=java.base/java.net=ALL-UNNAMED --add-opens=java.base/java.util.concurrent.atomic=ALL-UNNAMED -Xmx2048m -Dfile.encoding=UTF-8 -Duser.country=GB -Duser.language=en -Duser.variant 
java_command: org.gradle.launcher.daemon.bootstrap.GradleDaemon 7.3.3
java_class_path (initial): C:\Users\kelvi\.gradle\wrapper\dists\gradle-7.3.3-bin\6a41zxkdtcxs8rphpq6y0069z\gradle-7.3.3\lib\gradle-launcher-7.3.3.jar
Launcher Type: SUN_STANDARD

[Global flags]
     intx CICompilerCount                          = 4                                         {product} {ergonomic}
     uint ConcGCThreads                            = 2                                         {product} {ergonomic}
     uint G1ConcRefinementThreads                  = 8                                         {product} {ergonomic}
   size_t G1HeapRegionSize                         = 1048576                                   {product} {ergonomic}
    uintx GCDrainStackTargetSize                   = 64                                        {product} {ergonomic}
   size_t InitialHeapSize                          = 132120576                                 {product} {ergonomic}
   size_t MarkStackSize                            = 4194304                                   {product} {ergonomic}
   size_t MaxHeapSize                              = 2147483648                                {product} {command line}
   size_t MaxNewSize                               = 1287651328                                {product} {ergonomic}
   size_t MinHeapDeltaBytes                        = 1048576                                   {product} {ergonomic}
    uintx NonNMethodCodeHeapSize                   = 5836300                                {pd product} {ergonomic}
    uintx NonProfiledCodeHeapSize                  = 122910970                              {pd product} {ergonomic}
    uintx ProfiledCodeHeapSize                     = 122910970                              {pd product} {ergonomic}
    uintx ReservedCodeCacheSize                    = 251658240                              {pd product} {ergonomic}
     bool SegmentedCodeCache                       = true                                      {product} {ergonomic}
     bool UseCompressedClassPointers               = true                                 {lp64_product} {ergonomic}
     bool UseCompressedOops                        = true                                 {lp64_product} {ergonomic}
     bool UseG1GC                                  = true                                      {product} {ergonomic}
     bool UseLargePagesIndividualAllocation        = false                                  {pd product} {ergonomic}

Logging:
Log output configuration:
 #0: stdout all=warning uptime,level,tags
 #1: stderr all=off uptime,level,tags

Environment Variables:
JAVA_HOME=C:\Program Files\Java\jdk-18.0.1
PATH=C:\Users\kelvi\AppData\Local\Programs\Python\Python39\Scripts;C:\Program Files\Common Files\Oracle\Java\javapath;C:\Program Files (x86)\Common Files\Oracle\Java\javapath;C:\WINDOWS\system32;C:\WINDOWS;C:\WINDOWS\System32\Wbem;C:\WINDOWS\System32\WindowsPowerShell\v1.0\;C:\WINDOWS\System32\OpenSSH\;C:\Program Files\dotnet\;C:\Program Files\Microsoft SQL Server\Client SDK\ODBC\170\Tools\Binn\;C:\Program Files\Microsoft SQL Server\Client SDK\ODBC\130\Tools\Binn\;C:\php;C:\ProgramData\chocolatey\bin;C:\composer;C:\Users\kelvi\AppData\Roaming\Composer\vendor\bin;C:\Users\kelvi\AppData\Roaming\Python\Python39;C:\Program Files\MongoDB\Server\4.4\bin;c:\nginx\nginx.exe;C:\Program Files\Microsoft SQL Server\110\Tools\Binn\;C:\Program Files (x86)\Microsoft SQL Server\150\DTS\Binn\;C:\Program Files (x86)\Microsoft SQL Server\110\DTS\Binn\;C:\Program Files (x86)\Microsoft SQL Server\120\DTS\Binn\;C:\Program Files (x86)\Microsoft SQL Server\130\DTS\Binn\;C:\Program Files (x86)\Microsoft SQL Server\140\DTS\Binn\;C:\ProgramData\chocolatey\lib\gsudo\bin\;C:\Users\kelvi\AppData\Local\Programs\Python\Python39;C:\Program Files\Git\cmd;C:\Program Files\nodejs\;C:\Program Files (x86)\Microsoft SQL Server\150\Tools\Binn\;C:\Program Files\Microsoft SQL Server\150\Tools\Binn\;C:\Program Files\Microsoft SQL Server\150\DTS\Binn\;C:\Program Files (x86)\dotnet\;C:\Program Files\Microsoft\Web Platform Installer\;C:\Users\kelvi\scoop\apps\android-clt\current\cmdline-tools\bin;C:\Users\kelvi\scoop\shims;C:\Program Files\Eclipse Foundation\jdk-8.0.302.8-hotspot\bin;C:\Program Files\Common Files\Oracle\Java\javapath;C:\Program Files (x86)\Common Files\Oracle\Java\javapath;C:\WINDOWS\system32;C:\WINDOWS;C:\WINDOWS\System32\Wbem;C:\WINDOWS\System32\WindowsPowerShell\v1.0\;C:\WINDOWS\System32\OpenSSH\;C:\Program Files\Git\cmd;C:\Program Files\dotnet\;C:\Program Files\Microsoft SQL Server\Client SDK\ODBC\170\Tools\Binn\;C:\Program Files\Microsoft SQL Server\Client SDK\ODBC\130\Tools\Binn\;C:\php;C:\P
USERNAME=kelvi
OS=Windows_NT
PROCESSOR_IDENTIFIER=Intel64 Family 6 Model 142 Stepping 11, GenuineIntel



---------------  S Y S T E M  ---------------

OS: Windows 10 , 64 bit Build 22621 (10.0.22621.436)
OS uptime: 1 days 11:57 hours
Hyper-V role detected

CPU:total 8 (initial active 8) (4 cores per cpu, 2 threads per core) family 6 model 142 stepping 11 microcode 0xde, cmov, cx8, fxsr, mmx, sse, sse2, sse3, ssse3, sse4.1, sse4.2, popcnt, avx, avx2, aes, clmul, erms, 3dnowpref, lzcnt, ht, tsc, tscinvbit, bmi1, bmi2, adx, fma

Memory: 4k page, system-wide physical 8013M (1234M free)
TotalPageFile size 23155M (AvailPageFile size 1M)
current process WorkingSet (physical memory assigned to process): 299M, peak: 299M
current process commit charge ("private bytes"): 363M, peak: 363M

vm_info: OpenJDK 64-Bit Server VM (11.0.12+7-b1504.28-7817840) for windows-amd64 JRE (11.0.12+7-b1504.28-7817840), built on Oct 13 2021 22:12:33 by "builder" with MS VC++ 14.0 (VS2015)

END.
